Log file open, 06/11/19 13:48:11
LogWindows: Failed to load 'aqProf.dll' (GetLastError=126)
LogWindows: File 'aqProf.dll' does not exist
LogWindows: Failed to load 'VtuneApi.dll' (GetLastError=126)
LogWindows: File 'VtuneApi.dll' does not exist
LogWindows: Failed to load 'VtuneApi32e.dll' (GetLastError=126)
LogWindows: File 'VtuneApi32e.dll' does not exist
LogConsoleResponse: Display: Failed to find resolution value strings in scalability ini. Falling back to default.
LogInit: Display: Running engine for game: WB_GeoBrushes
LogPakFile: Registered encryption key '00000000000000000000000000000000': 0 pak files mounted, 0 remain pending
LogPlatformFile: Not using cached read wrapper
LogTaskGraph: Started task graph with 5 named threads and 23 total threads with 3 sets of task threads.
LogStats: Stats thread started at 0.895530
LogD3D11RHI: Loaded GFSDK_Aftermath_Lib.x64.dll
LogICUInternationalization: ICU TimeZone Detection - Raw Offset: -7:00, Platform Override: ''
LogPluginManager: Mounting plugin Paper2D
LogPluginManager: Mounting plugin AISupport
LogPluginManager: Mounting plugin LightPropagationVolume
LogPluginManager: Mounting plugin ActorLayerUtilities
LogPluginManager: Mounting plugin AnimationSharing
LogPluginManager: Mounting plugin CLionSourceCodeAccess
LogPluginManager: Mounting plugin CodeLiteSourceCodeAccess
LogPluginManager: Mounting plugin GitSourceControl
LogPluginManager: Mounting plugin KDevelopSourceCodeAccess
LogPluginManager: Mounting plugin NullSourceCodeAccess
LogPluginManager: Mounting plugin PerforceSourceControl
LogPluginManager: Mounting plugin SubversionSourceControl
LogPluginManager: Mounting plugin UObjectPlugin
LogPluginManager: Mounting plugin VisualStudioCodeSourceCodeAccess
LogPluginManager: Mounting plugin VisualStudioSourceCodeAccess
LogPluginManager: Mounting plugin XCodeSourceCodeAccess
LogPluginManager: Mounting plugin AssetManagerEditor
LogPluginManager: Mounting plugin CryptoKeys
LogPluginManager: Mounting plugin DataValidation
LogPluginManager: Mounting plugin FacialAnimation
LogPluginManager: Mounting plugin GameplayTagsEditor
LogPluginManager: Mounting plugin MacGraphicsSwitching
LogPluginManager: Mounting plugin MaterialAnalyzer
LogPluginManager: Mounting plugin MobileLauncherProfileWizard
LogPluginManager: Mounting plugin PluginBrowser
LogPluginManager: Mounting plugin SpeedTreeImporter
LogPluginManager: Mounting plugin DatasmithContent
LogPluginManager: Mounting plugin VariantManagerContent
LogPluginManager: Mounting plugin AlembicImporter
LogPluginManager: Mounting plugin AppleImageUtils
LogPluginManager: Mounting plugin AppleVision
LogPluginManager: Mounting plugin BackChannel
LogPluginManager: Mounting plugin CharacterAI
LogPluginManager: Mounting plugin GeometryCache
LogPluginManager: Mounting plugin HTML5Networking
LogPluginManager: Mounting plugin ProxyLODPlugin
LogPluginManager: Mounting plugin SkeletalReduction
LogPluginManager: Mounting plugin MagicLeap
LogPluginManager: Mounting plugin MagicLeapMedia
LogPluginManager: Mounting plugin AndroidMedia
LogPluginManager: Mounting plugin AvfMedia
LogPluginManager: Mounting plugin ImgMedia
LogPluginManager: Mounting plugin LinearTimecode
LogPluginManager: Mounting plugin MediaCompositing
LogPluginManager: Mounting plugin MediaPlayerEditor
LogPluginManager: Mounting plugin WebMMedia
LogPluginManager: Mounting plugin WmfMedia
LogPluginManager: Mounting plugin TcpMessaging
LogPluginManager: Mounting plugin UdpMessaging
LogPluginManager: Mounting plugin ActorSequence
LogPluginManager: Mounting plugin LevelSequenceEditor
LogPluginManager: Mounting plugin MatineeToLevelSequence
LogPluginManager: Mounting plugin NetcodeUnitTest
LogPluginManager: Mounting plugin NUTUnrealEngine4
LogPluginManager: Mounting plugin OnlineSubsystemGooglePlay
LogPluginManager: Mounting plugin OnlineSubsystemIOS
LogPluginManager: Mounting plugin OnlineSubsystem
LogPluginManager: Mounting plugin OnlineSubsystemNull
LogPluginManager: Mounting plugin OnlineSubsystemUtils
LogPluginManager: Mounting plugin LauncherChunkInstaller
LogPluginManager: Mounting plugin AndroidDeviceProfileSelector
LogPluginManager: Mounting plugin AndroidMoviePlayer
LogPluginManager: Mounting plugin AndroidPermission
LogPluginManager: Mounting plugin AppleMoviePlayer
LogPluginManager: Mounting plugin ArchVisCharacter
LogPluginManager: Mounting plugin AudioCapture
LogPluginManager: Mounting plugin CableComponent
LogPluginManager: Mounting plugin CustomMeshComponent
LogPluginManager: Mounting plugin EditableMesh
LogPluginManager: Mounting plugin ExampleDeviceProfileSelector
LogPluginManager: Mounting plugin Firebase
LogPluginManager: Mounting plugin GoogleCloudMessaging
LogPluginManager: Mounting plugin IOSDeviceProfileSelector
LogPluginManager: Mounting plugin LinuxDeviceProfileSelector
LogPluginManager: Mounting plugin LocationServicesBPLibrary
LogPluginManager: Mounting plugin MobilePatchingUtils
LogPluginManager: Mounting plugin OculusVR
LogPluginManager: Mounting plugin PhysXVehicles
LogPluginManager: Mounting plugin ProceduralMeshComponent
LogPluginManager: Mounting plugin RuntimePhysXCooking
LogPluginManager: Mounting plugin SignificanceManager
LogPluginManager: Mounting plugin SteamVR
LogPluginManager: Mounting plugin WebMMoviePlayer
LogPluginManager: Mounting plugin WindowsMoviePlayer
LogInit: Using libcurl 7.55.1-DEV
LogInit:  - built for x86_64-pc-win32
LogInit:  - supports SSL with OpenSSL/1.1.1
LogInit:  - supports HTTP deflate (compression) using libz 1.2.8
LogInit:  - other features:
LogInit:      CURL_VERSION_SSL
LogInit:      CURL_VERSION_LIBZ
LogInit:      CURL_VERSION_IPV6
LogInit:      CURL_VERSION_ASYNCHDNS
LogInit:      CURL_VERSION_LARGEFILE
LogInit:      CURL_VERSION_IDN
LogInit:  CurlRequestOptions (configurable via config and command line):
LogInit:  - bVerifyPeer = true  - Libcurl will verify peer certificate
LogInit:  - bUseHttpProxy = false  - Libcurl will NOT use HTTP proxy
LogInit:  - bDontReuseConnections = false  - Libcurl will reuse connections
LogInit:  - MaxHostConnections = 16  - Libcurl will limit the number of connections to a host
LogInit:  - LocalHostAddr = Default
LogInit:  - BufferSize = 65536
LogInit: WinSock: version 1.1 (2.2), MaxSocks=32767, MaxUdp=65467
LogInit: Build: ++UE4+Release-4.22-CL-6063286
LogInit: Engine Version: 4.22.1-6063286+++UE4+Release-4.22
LogInit: Compatible Engine Version: 4.22.0-5660361+++UE4+Release-4.22
LogInit: Net CL: 5660361
LogInit: OS: Windows 10 (Release 1803) (), CPU: Intel(R) Core(TM) i7-8809G CPU @ 3.10GHz, GPU: Radeon RX Vega M GH Graphics
LogInit: Compiled (64-bit): Apr 24 2019 04:36:48
LogInit: Compiled with Visual C++: 19.16.27025.01
LogInit: Build Configuration: Development
LogInit: Branch Name: ++UE4+Release-4.22
LogInit: Command Line: 
LogInit: Base Directory: C:/Program Files/Epic Games/UE_4.22/Engine/Binaries/Win64/
LogInit: Installed Engine Build: 1
LogDevObjectVersion: Number of dev versions registered: 23
LogDevObjectVersion:   Dev-Blueprints (B0D832E4-1F89-4F0D-ACCF-7EB736FD4AA2): 10
LogDevObjectVersion:   Dev-Build (E1C64328-A22C-4D53-A36C-8E866417BD8C): 0
LogDevObjectVersion:   Dev-Core (375EC13C-06E4-48FB-B500-84F0262A717E): 3
LogDevObjectVersion:   Dev-Editor (E4B068ED-F494-42E9-A231-DA0B2E46BB41): 30
LogDevObjectVersion:   Dev-Framework (CFFC743F-43B0-4480-9391-14DF171D2073): 35
LogDevObjectVersion:   Dev-Mobile (B02B49B5-BB20-44E9-A304-32B752E40360): 2
LogDevObjectVersion:   Dev-Networking (A4E4105C-59A1-49B5-A7C5-40C4547EDFEE): 0
LogDevObjectVersion:   Dev-Online (39C831C9-5AE6-47DC-9A44-9C173E1C8E7C): 0
LogDevObjectVersion:   Dev-Physics (78F01B33-EBEA-4F98-B9B4-84EACCB95AA2): 0
LogDevObjectVersion:   Dev-Platform (6631380F-2D4D-43E0-8009-CF276956A95A): 0
LogDevObjectVersion:   Dev-Rendering (12F88B9F-8875-4AFC-A67C-D90C383ABD29): 28
LogDevObjectVersion:   Dev-Sequencer (7B5AE74C-D270-4C10-A958-57980B212A5A): 11
LogDevObjectVersion:   Dev-VR (D7296918-1DD6-4BDD-9DE2-64A83CC13884): 2
LogDevObjectVersion:   Dev-LoadTimes (C2A15278-BFE7-4AFE-6C17-90FF531DF755): 1
LogDevObjectVersion:   Private-Geometry (6EACA3D4-40EC-4CC1-B786-8BED09428FC5): 3
LogDevObjectVersion:   Dev-AnimPhys (29E575DD-E0A3-4627-9D10-D276232CDCEA): 17
LogDevObjectVersion:   Dev-Anim (AF43A65D-7FD3-4947-9873-3E8ED9C1BB05): 2
LogDevObjectVersion:   Dev-ReflectionCapture (6B266CEC-1EC7-4B8F-A30B-E4D90942FC07): 1
LogDevObjectVersion:   Dev-Automation (0DF73D61-A23F-47EA-B727-89E90C41499A): 1
LogDevObjectVersion:   FortniteMain (601D1886-AC64-4F84-AA16-D3DE0DEAC7D6): 25
LogDevObjectVersion:   Dev-Enterprise (9DFFBCD6-494F-0158-E221-12823C92A888): 6
LogDevObjectVersion:   Dev-Niagara (F2AED0AC-9AFE-416F-8664-AA7FFA26D6FC): 1
LogDevObjectVersion:   Dev-Destruction (174F1F0B-B4C6-45A5-B13F-2EE8D0FB917D): 2
LogInit: Presizing for max 16777216 objects, including 0 objects not considered by GC, pre-allocating 0 bytes for permanent pool.
LogInit: Object subsystem initialized
LogConfig: Setting CVar [[con.DebugEarlyDefault:1]]
LogConfig: Setting CVar [[r.setres:1280x720]]
[2019.06.11-19.48.12:561][  0]LogConfig: Setting CVar [[r.VSync:0]]
[2019.06.11-19.48.12:561][  0]LogConfig: Setting CVar [[r.RHICmdBypass:0]]
[2019.06.11-19.48.12:561][  0]LogConfig: Applying CVar settings from Section [/Script/Engine.RendererSettings] File [C:/Users/u1064504/Documents/GitHub/SummerAssetPipe/White Box your City Block with Geo Brushes/Saved/Config/Windows/Engine.ini]
[2019.06.11-19.48.12:561][  0]LogConfig: Setting CVar [[r.GPUCrashDebugging:0]]
[2019.06.11-19.48.12:561][  0]LogConfig: Setting CVar [[r.DefaultFeature.AutoExposure.ExtendDefaultLuminanceRange:1]]
[2019.06.11-19.48.12:561][  0]LogConfig: Applying CVar settings from Section [/Script/Engine.RendererOverrideSettings] File [C:/Users/u1064504/Documents/GitHub/SummerAssetPipe/White Box your City Block with Geo Brushes/Saved/Config/Windows/Engine.ini]
[2019.06.11-19.48.12:561][  0]LogConfig: Applying CVar settings from Section [/Script/Engine.StreamingSettings] File [C:/Users/u1064504/Documents/GitHub/SummerAssetPipe/White Box your City Block with Geo Brushes/Saved/Config/Windows/Engine.ini]
[2019.06.11-19.48.12:561][  0]LogConfig: Setting CVar [[s.MinBulkDataSizeForAsyncLoading:131072]]
[2019.06.11-19.48.12:561][  0]LogConfig: Setting CVar [[s.AsyncLoadingThreadEnabled:0]]
[2019.06.11-19.48.12:561][  0]LogConfig: Setting CVar [[s.EventDrivenLoaderEnabled:1]]
[2019.06.11-19.48.12:561][  0]LogConfig: Setting CVar [[s.WarnIfTimeLimitExceeded:0]]
[2019.06.11-19.48.12:561][  0]LogConfig: Setting CVar [[s.TimeLimitExceededMultiplier:1.5]]
[2019.06.11-19.48.12:561][  0]LogConfig: Setting CVar [[s.TimeLimitExceededMinTime:0.005]]
[2019.06.11-19.48.12:561][  0]LogConfig: Setting CVar [[s.UseBackgroundLevelStreaming:1]]
[2019.06.11-19.48.12:561][  0]LogConfig: Setting CVar [[s.PriorityAsyncLoadingExtraTime:15.0]]
[2019.06.11-19.48.12:561][  0]LogConfig: Setting CVar [[s.LevelStreamingActorsUpdateTimeLimit:5.0]]
[2019.06.11-19.48.12:561][  0]LogConfig: Setting CVar [[s.PriorityLevelStreamingActorsUpdateExtraTime:5.0]]
[2019.06.11-19.48.12:561][  0]LogConfig: Setting CVar [[s.LevelStreamingComponentsRegistrationGranularity:10]]
[2019.06.11-19.48.12:561][  0]LogConfig: Setting CVar [[s.UnregisterComponentsTimeLimit:1.0]]
[2019.06.11-19.48.12:561][  0]LogConfig: Setting CVar [[s.LevelStreamingComponentsUnregistrationGranularity:5]]
[2019.06.11-19.48.12:561][  0]LogConfig: Applying CVar settings from Section [/Script/Engine.GarbageCollectionSettings] File [C:/Users/u1064504/Documents/GitHub/SummerAssetPipe/White Box your City Block with Geo Brushes/Saved/Config/Windows/Engine.ini]
[2019.06.11-19.48.12:562][  0]LogConfig: Setting CVar [[gc.MaxObjectsNotConsideredByGC:1]]
[2019.06.11-19.48.12:562][  0]LogConfig: Setting CVar [[gc.SizeOfPermanentObjectPool:0]]
[2019.06.11-19.48.12:562][  0]LogConfig: Setting CVar [[gc.FlushStreamingOnGC:0]]
[2019.06.11-19.48.12:562][  0]LogConfig: Setting CVar [[gc.NumRetriesBeforeForcingGC:10]]
[2019.06.11-19.48.12:562][  0]LogConfig: Setting CVar [[gc.AllowParallelGC:1]]
[2019.06.11-19.48.12:562][  0]LogConfig: Setting CVar [[gc.TimeBetweenPurgingPendingKillObjects:61.1]]
[2019.06.11-19.48.12:562][  0]LogConfig: Setting CVar [[gc.MaxObjectsInEditor:16777216]]
[2019.06.11-19.48.12:562][  0]LogConfig: Setting CVar [[gc.IncrementalBeginDestroyEnabled:1]]
[2019.06.11-19.48.12:562][  0]LogConfig: Setting CVar [[gc.CreateGCClusters:1]]
[2019.06.11-19.48.12:562][  0]LogConfig: Setting CVar [[gc.MinGCClusterSize:5]]
[2019.06.11-19.48.12:562][  0]LogConfig: Setting CVar [[gc.ActorClusteringEnabled:0]]
[2019.06.11-19.48.12:562][  0]LogConfig: Setting CVar [[gc.BlueprintClusteringEnabled:0]]
[2019.06.11-19.48.12:562][  0]LogConfig: Setting CVar [[gc.UseDisregardForGCOnDedicatedServers:0]]
[2019.06.11-19.48.12:562][  0]LogConfig: Applying CVar settings from Section [/Script/Engine.NetworkSettings] File [C:/Users/u1064504/Documents/GitHub/SummerAssetPipe/White Box your City Block with Geo Brushes/Saved/Config/Windows/Engine.ini]
[2019.06.11-19.48.12:562][  0]LogConfig: Applying CVar settings from Section [/Script/UnrealEd.CookerSettings] File [C:/Users/u1064504/Documents/GitHub/SummerAssetPipe/White Box your City Block with Geo Brushes/Saved/Config/Windows/Engine.ini]
[2019.06.11-19.48.12:570][  0]LogConfig: Applying CVar settings from Section [ViewDistanceQuality@3] File [C:/Users/u1064504/Documents/GitHub/SummerAssetPipe/White Box your City Block with Geo Brushes/Saved/Config/Windows/Scalability.ini]
[2019.06.11-19.48.12:570][  0]LogConfig: Setting CVar [[r.SkeletalMeshLODBias:0]]
[2019.06.11-19.48.12:570][  0]LogConfig: Setting CVar [[r.ViewDistanceScale:1.0]]
[2019.06.11-19.48.12:570][  0]LogConfig: Applying CVar settings from Section [AntiAliasingQuality@3] File [C:/Users/u1064504/Documents/GitHub/SummerAssetPipe/White Box your City Block with Geo Brushes/Saved/Config/Windows/Scalability.ini]
[2019.06.11-19.48.12:570][  0]LogConfig: Setting CVar [[r.PostProcessAAQuality:4]]
[2019.06.11-19.48.12:571][  0]LogConfig: Applying CVar settings from Section [ShadowQuality@3] File [C:/Users/u1064504/Documents/GitHub/SummerAssetPipe/White Box your City Block with Geo Brushes/Saved/Config/Windows/Scalability.ini]
[2019.06.11-19.48.12:571][  0]LogConfig: Setting CVar [[r.LightFunctionQuality:1]]
[2019.06.11-19.48.12:571][  0]LogConfig: Setting CVar [[r.ShadowQuality:5]]
[2019.06.11-19.48.12:571][  0]LogConfig: Setting CVar [[r.Shadow.CSM.MaxCascades:10]]
[2019.06.11-19.48.12:571][  0]LogConfig: Setting CVar [[r.Shadow.MaxResolution:2048]]
[2019.06.11-19.48.12:571][  0]LogConfig: Setting CVar [[r.Shadow.MaxCSMResolution:2048]]
[2019.06.11-19.48.12:571][  0]LogConfig: Setting CVar [[r.Shadow.RadiusThreshold:0.01]]
[2019.06.11-19.48.12:571][  0]LogConfig: Setting CVar [[r.Shadow.DistanceScale:1.0]]
[2019.06.11-19.48.12:571][  0]LogConfig: Setting CVar [[r.Shadow.CSM.TransitionScale:1.0]]
[2019.06.11-19.48.12:571][  0]LogConfig: Setting CVar [[r.Shadow.PreShadowResolutionFactor:1.0]]
[2019.06.11-19.48.12:571][  0]LogConfig: Setting CVar [[r.DistanceFieldShadowing:1]]
[2019.06.11-19.48.12:571][  0]LogConfig: Setting CVar [[r.DistanceFieldAO:1]]
[2019.06.11-19.48.12:571][  0]LogConfig: Setting CVar [[r.AOQuality:2]]
[2019.06.11-19.48.12:571][  0]LogConfig: Setting CVar [[r.VolumetricFog:1]]
[2019.06.11-19.48.12:571][  0]LogConfig: Setting CVar [[r.VolumetricFog.GridPixelSize:8]]
[2019.06.11-19.48.12:571][  0]LogConfig: Setting CVar [[r.VolumetricFog.GridSizeZ:128]]
[2019.06.11-19.48.12:571][  0]LogConfig: Setting CVar [[r.VolumetricFog.HistoryMissSupersampleCount:4]]
[2019.06.11-19.48.12:571][  0]LogConfig: Setting CVar [[r.LightMaxDrawDistanceScale:1]]
[2019.06.11-19.48.12:571][  0]LogConfig: Setting CVar [[r.CapsuleShadows:1]]
[2019.06.11-19.48.12:571][  0]LogConfig: Applying CVar settings from Section [PostProcessQuality@3] File [C:/Users/u1064504/Documents/GitHub/SummerAssetPipe/White Box your City Block with Geo Brushes/Saved/Config/Windows/Scalability.ini]
[2019.06.11-19.48.12:571][  0]LogConfig: Setting CVar [[r.MotionBlurQuality:4]]
[2019.06.11-19.48.12:571][  0]LogConfig: Setting CVar [[r.AmbientOcclusionMipLevelFactor:0.4]]
[2019.06.11-19.48.12:571][  0]LogConfig: Setting CVar [[r.AmbientOcclusionMaxQuality:100]]
[2019.06.11-19.48.12:571][  0]LogConfig: Setting CVar [[r.AmbientOcclusionLevels:-1]]
[2019.06.11-19.48.12:571][  0]LogConfig: Setting CVar [[r.AmbientOcclusionRadiusScale:1.0]]
[2019.06.11-19.48.12:571][  0]LogConfig: Setting CVar [[r.DepthOfFieldQuality:2]]
[2019.06.11-19.48.12:571][  0]LogConfig: Setting CVar [[r.RenderTargetPoolMin:400]]
[2019.06.11-19.48.12:571][  0]LogConfig: Setting CVar [[r.LensFlareQuality:2]]
[2019.06.11-19.48.12:571][  0]LogConfig: Setting CVar [[r.SceneColorFringeQuality:1]]
[2019.06.11-19.48.12:571][  0]LogConfig: Setting CVar [[r.EyeAdaptationQuality:2]]
[2019.06.11-19.48.12:571][  0]LogConfig: Setting CVar [[r.BloomQuality:5]]
[2019.06.11-19.48.12:571][  0]LogConfig: Setting CVar [[r.FastBlurThreshold:100]]
[2019.06.11-19.48.12:571][  0]LogConfig: Setting CVar [[r.Upscale.Quality:3]]
[2019.06.11-19.48.12:571][  0]LogConfig: Setting CVar [[r.Tonemapper.GrainQuantization:1]]
[2019.06.11-19.48.12:571][  0]LogConfig: Setting CVar [[r.LightShaftQuality:1]]
[2019.06.11-19.48.12:571][  0]LogConfig: Setting CVar [[r.Filter.SizeScale:1]]
[2019.06.11-19.48.12:571][  0]LogConfig: Setting CVar [[r.Tonemapper.Quality:5]]
[2019.06.11-19.48.12:571][  0]LogConfig: Setting CVar [[r.DOF.Gather.AccumulatorQuality:1        ; higher gathering accumulator quality]]
[2019.06.11-19.48.12:571][  0]LogConfig: Setting CVar [[r.DOF.Gather.PostfilterMethod:1          ; Median3x3 postfilering method]]
[2019.06.11-19.48.12:571][  0]LogConfig: Setting CVar [[r.DOF.Gather.EnableBokehSettings:0       ; no bokeh simulation when gathering]]
[2019.06.11-19.48.12:571][  0]LogConfig: Setting CVar [[r.DOF.Gather.RingCount:4                 ; medium number of samples when gathering]]
[2019.06.11-19.48.12:571][  0]LogConfig: Setting CVar [[r.DOF.Scatter.ForegroundCompositing:1    ; additive foreground scattering]]
[2019.06.11-19.48.12:571][  0]LogConfig: Setting CVar [[r.DOF.Scatter.BackgroundCompositing:2    ; additive background scattering]]
[2019.06.11-19.48.12:571][  0]LogConfig: Setting CVar [[r.DOF.Scatter.EnableBokehSettings:1      ; bokeh simulation when scattering]]
[2019.06.11-19.48.12:571][  0]LogConfig: Setting CVar [[r.DOF.Scatter.MaxSpriteRatio:0.1         ; only a maximum of 10% of scattered bokeh]]
[2019.06.11-19.48.12:571][  0]LogConfig: Setting CVar [[r.DOF.Recombine.Quality:1                ; cheap slight out of focus]]
[2019.06.11-19.48.12:571][  0]LogConfig: Setting CVar [[r.DOF.Recombine.EnableBokehSettings:0    ; no bokeh simulation on slight out of focus]]
[2019.06.11-19.48.12:571][  0]LogConfig: Setting CVar [[r.DOF.TemporalAAQuality:1                ; more stable temporal accumulation]]
[2019.06.11-19.48.12:571][  0]LogConfig: Setting CVar [[r.DOF.Kernel.MaxForegroundRadius:0.025]]
[2019.06.11-19.48.12:571][  0]LogConfig: Setting CVar [[r.DOF.Kernel.MaxBackgroundRadius:0.025]]
[2019.06.11-19.48.12:571][  0]LogConfig: Applying CVar settings from Section [TextureQuality@3] File [C:/Users/u1064504/Documents/GitHub/SummerAssetPipe/White Box your City Block with Geo Brushes/Saved/Config/Windows/Scalability.ini]
[2019.06.11-19.48.12:571][  0]LogConfig: Setting CVar [[r.Streaming.MipBias:0]]
[2019.06.11-19.48.12:571][  0]LogConfig: Setting CVar [[r.Streaming.AmortizeCPUToGPUCopy:0]]
[2019.06.11-19.48.12:571][  0]LogConfig: Setting CVar [[r.Streaming.MaxNumTexturesToStreamPerFrame:0]]
[2019.06.11-19.48.12:571][  0]LogConfig: Setting CVar [[r.Streaming.Boost:1]]
[2019.06.11-19.48.12:571][  0]LogConfig: Setting CVar [[r.MaxAnisotropy:8]]
[2019.06.11-19.48.12:571][  0]LogConfig: Setting CVar [[r.Streaming.LimitPoolSizeToVRAM:0]]
[2019.06.11-19.48.12:571][  0]LogConfig: Setting CVar [[r.Streaming.PoolSize:1000]]
[2019.06.11-19.48.12:571][  0]LogConfig: Setting CVar [[r.Streaming.MaxEffectiveScreenSize:0]]
[2019.06.11-19.48.12:571][  0]LogConfig: Applying CVar settings from Section [EffectsQuality@3] File [C:/Users/u1064504/Documents/GitHub/SummerAssetPipe/White Box your City Block with Geo Brushes/Saved/Config/Windows/Scalability.ini]
[2019.06.11-19.48.12:571][  0]LogConfig: Setting CVar [[r.TranslucencyLightingVolumeDim:64]]
[2019.06.11-19.48.12:571][  0]LogConfig: Setting CVar [[r.RefractionQuality:2]]
[2019.06.11-19.48.12:571][  0]LogConfig: Setting CVar [[r.SSR.Quality:3]]
[2019.06.11-19.48.12:571][  0]LogConfig: Setting CVar [[r.SceneColorFormat:4]]
[2019.06.11-19.48.12:571][  0]LogConfig: Setting CVar [[r.DetailMode:2]]
[2019.06.11-19.48.12:571][  0]LogConfig: Setting CVar [[r.TranslucencyVolumeBlur:1]]
[2019.06.11-19.48.12:571][  0]LogConfig: Setting CVar [[r.MaterialQualityLevel:1 ; High quality]]
[2019.06.11-19.48.12:571][  0]LogConfig: Setting CVar [[r.SSS.Scale:1]]
[2019.06.11-19.48.12:571][  0]LogConfig: Setting CVar [[r.SSS.SampleSet:2]]
[2019.06.11-19.48.12:571][  0]LogConfig: Setting CVar [[r.SSS.Quality:1]]
[2019.06.11-19.48.12:571][  0]LogConfig: Setting CVar [[r.SSS.HalfRes:1]]
[2019.06.11-19.48.12:571][  0]LogConfig: Setting CVar [[r.EmitterSpawnRateScale:1.0]]
[2019.06.11-19.48.12:571][  0]LogConfig: Setting CVar [[r.ParticleLightQuality:2]]
[2019.06.11-19.48.12:572][  0]LogConfig: Applying CVar settings from Section [FoliageQuality@3] File [C:/Users/u1064504/Documents/GitHub/SummerAssetPipe/White Box your City Block with Geo Brushes/Saved/Config/Windows/Scalability.ini]
[2019.06.11-19.48.12:572][  0]LogConfig: Setting CVar [[foliage.DensityScale:1.0]]
[2019.06.11-19.48.12:572][  0]LogConfig: Setting CVar [[grass.DensityScale:1.0]]
[2019.06.11-19.48.12:573][  0]LogInit: Selected Device Profile: [Windows]
[2019.06.11-19.48.12:573][  0]LogInit: Applying CVar settings loaded from the selected device profile: [Windows]
[2019.06.11-19.48.12:593][  0]LogHAL: Display: Platform has ~ 16 GB [17095249920 / 17179869184 / 16], which maps to Larger [LargestMinGB=32, LargerMinGB=12, DefaultMinGB=8, SmallerMinGB=6, SmallestMinGB=0)
[2019.06.11-19.48.12:594][  0]LogConfig: Setting CVar [[r.Vulkan.UseRealUBs:0		; Required until we fix HLR fall-out]]
[2019.06.11-19.48.12:594][  0]LogInit: Going up to parent DeviceProfile []
[2019.06.11-19.48.12:595][  0]LogConfig: Applying CVar settings from Section [ViewDistanceQuality@3] File [C:/Users/u1064504/Documents/GitHub/SummerAssetPipe/White Box your City Block with Geo Brushes/Saved/Config/Windows/Scalability.ini]
[2019.06.11-19.48.12:595][  0]LogConfig: Setting CVar [[r.SkeletalMeshLODBias:0]]
[2019.06.11-19.48.12:595][  0]LogConfig: Setting CVar [[r.ViewDistanceScale:1.0]]
[2019.06.11-19.48.12:595][  0]LogConfig: Applying CVar settings from Section [AntiAliasingQuality@3] File [C:/Users/u1064504/Documents/GitHub/SummerAssetPipe/White Box your City Block with Geo Brushes/Saved/Config/Windows/Scalability.ini]
[2019.06.11-19.48.12:595][  0]LogConfig: Setting CVar [[r.PostProcessAAQuality:4]]
[2019.06.11-19.48.12:595][  0]LogConfig: Applying CVar settings from Section [ShadowQuality@3] File [C:/Users/u1064504/Documents/GitHub/SummerAssetPipe/White Box your City Block with Geo Brushes/Saved/Config/Windows/Scalability.ini]
[2019.06.11-19.48.12:595][  0]LogConfig: Setting CVar [[r.LightFunctionQuality:1]]
[2019.06.11-19.48.12:595][  0]LogConfig: Setting CVar [[r.ShadowQuality:5]]
[2019.06.11-19.48.12:595][  0]LogConfig: Setting CVar [[r.Shadow.CSM.MaxCascades:10]]
[2019.06.11-19.48.12:595][  0]LogConfig: Setting CVar [[r.Shadow.MaxResolution:2048]]
[2019.06.11-19.48.12:595][  0]LogConfig: Setting CVar [[r.Shadow.MaxCSMResolution:2048]]
[2019.06.11-19.48.12:595][  0]LogConfig: Setting CVar [[r.Shadow.RadiusThreshold:0.01]]
[2019.06.11-19.48.12:595][  0]LogConfig: Setting CVar [[r.Shadow.DistanceScale:1.0]]
[2019.06.11-19.48.12:595][  0]LogConfig: Setting CVar [[r.Shadow.CSM.TransitionScale:1.0]]
[2019.06.11-19.48.12:595][  0]LogConfig: Setting CVar [[r.Shadow.PreShadowResolutionFactor:1.0]]
[2019.06.11-19.48.12:595][  0]LogConfig: Setting CVar [[r.DistanceFieldShadowing:1]]
[2019.06.11-19.48.12:595][  0]LogConfig: Setting CVar [[r.DistanceFieldAO:1]]
[2019.06.11-19.48.12:595][  0]LogConfig: Setting CVar [[r.AOQuality:2]]
[2019.06.11-19.48.12:595][  0]LogConfig: Setting CVar [[r.VolumetricFog:1]]
[2019.06.11-19.48.12:595][  0]LogConfig: Setting CVar [[r.VolumetricFog.GridPixelSize:8]]
[2019.06.11-19.48.12:595][  0]LogConfig: Setting CVar [[r.VolumetricFog.GridSizeZ:128]]
[2019.06.11-19.48.12:595][  0]LogConfig: Setting CVar [[r.VolumetricFog.HistoryMissSupersampleCount:4]]
[2019.06.11-19.48.12:595][  0]LogConfig: Setting CVar [[r.LightMaxDrawDistanceScale:1]]
[2019.06.11-19.48.12:595][  0]LogConfig: Setting CVar [[r.CapsuleShadows:1]]
[2019.06.11-19.48.12:595][  0]LogConfig: Applying CVar settings from Section [PostProcessQuality@3] File [C:/Users/u1064504/Documents/GitHub/SummerAssetPipe/White Box your City Block with Geo Brushes/Saved/Config/Windows/Scalability.ini]
[2019.06.11-19.48.12:595][  0]LogConfig: Setting CVar [[r.MotionBlurQuality:4]]
[2019.06.11-19.48.12:595][  0]LogConfig: Setting CVar [[r.AmbientOcclusionMipLevelFactor:0.4]]
[2019.06.11-19.48.12:595][  0]LogConfig: Setting CVar [[r.AmbientOcclusionMaxQuality:100]]
[2019.06.11-19.48.12:595][  0]LogConfig: Setting CVar [[r.AmbientOcclusionLevels:-1]]
[2019.06.11-19.48.12:595][  0]LogConfig: Setting CVar [[r.AmbientOcclusionRadiusScale:1.0]]
[2019.06.11-19.48.12:595][  0]LogConfig: Setting CVar [[r.DepthOfFieldQuality:2]]
[2019.06.11-19.48.12:595][  0]LogConfig: Setting CVar [[r.RenderTargetPoolMin:400]]
[2019.06.11-19.48.12:595][  0]LogConfig: Setting CVar [[r.LensFlareQuality:2]]
[2019.06.11-19.48.12:595][  0]LogConfig: Setting CVar [[r.SceneColorFringeQuality:1]]
[2019.06.11-19.48.12:595][  0]LogConfig: Setting CVar [[r.EyeAdaptationQuality:2]]
[2019.06.11-19.48.12:595][  0]LogConfig: Setting CVar [[r.BloomQuality:5]]
[2019.06.11-19.48.12:595][  0]LogConfig: Setting CVar [[r.FastBlurThreshold:100]]
[2019.06.11-19.48.12:595][  0]LogConfig: Setting CVar [[r.Upscale.Quality:3]]
[2019.06.11-19.48.12:595][  0]LogConfig: Setting CVar [[r.Tonemapper.GrainQuantization:1]]
[2019.06.11-19.48.12:595][  0]LogConfig: Setting CVar [[r.LightShaftQuality:1]]
[2019.06.11-19.48.12:595][  0]LogConfig: Setting CVar [[r.Filter.SizeScale:1]]
[2019.06.11-19.48.12:595][  0]LogConfig: Setting CVar [[r.Tonemapper.Quality:5]]
[2019.06.11-19.48.12:595][  0]LogConfig: Setting CVar [[r.DOF.Gather.AccumulatorQuality:1        ; higher gathering accumulator quality]]
[2019.06.11-19.48.12:595][  0]LogConfig: Setting CVar [[r.DOF.Gather.PostfilterMethod:1          ; Median3x3 postfilering method]]
[2019.06.11-19.48.12:595][  0]LogConfig: Setting CVar [[r.DOF.Gather.EnableBokehSettings:0       ; no bokeh simulation when gathering]]
[2019.06.11-19.48.12:595][  0]LogConfig: Setting CVar [[r.DOF.Gather.RingCount:4                 ; medium number of samples when gathering]]
[2019.06.11-19.48.12:595][  0]LogConfig: Setting CVar [[r.DOF.Scatter.ForegroundCompositing:1    ; additive foreground scattering]]
[2019.06.11-19.48.12:595][  0]LogConfig: Setting CVar [[r.DOF.Scatter.BackgroundCompositing:2    ; additive background scattering]]
[2019.06.11-19.48.12:595][  0]LogConfig: Setting CVar [[r.DOF.Scatter.EnableBokehSettings:1      ; bokeh simulation when scattering]]
[2019.06.11-19.48.12:595][  0]LogConfig: Setting CVar [[r.DOF.Scatter.MaxSpriteRatio:0.1         ; only a maximum of 10% of scattered bokeh]]
[2019.06.11-19.48.12:595][  0]LogConfig: Setting CVar [[r.DOF.Recombine.Quality:1                ; cheap slight out of focus]]
[2019.06.11-19.48.12:595][  0]LogConfig: Setting CVar [[r.DOF.Recombine.EnableBokehSettings:0    ; no bokeh simulation on slight out of focus]]
[2019.06.11-19.48.12:595][  0]LogConfig: Setting CVar [[r.DOF.TemporalAAQuality:1                ; more stable temporal accumulation]]
[2019.06.11-19.48.12:595][  0]LogConfig: Setting CVar [[r.DOF.Kernel.MaxForegroundRadius:0.025]]
[2019.06.11-19.48.12:595][  0]LogConfig: Setting CVar [[r.DOF.Kernel.MaxBackgroundRadius:0.025]]
[2019.06.11-19.48.12:595][  0]LogConfig: Applying CVar settings from Section [TextureQuality@3] File [C:/Users/u1064504/Documents/GitHub/SummerAssetPipe/White Box your City Block with Geo Brushes/Saved/Config/Windows/Scalability.ini]
[2019.06.11-19.48.12:595][  0]LogConfig: Setting CVar [[r.Streaming.MipBias:0]]
[2019.06.11-19.48.12:595][  0]LogConfig: Setting CVar [[r.Streaming.AmortizeCPUToGPUCopy:0]]
[2019.06.11-19.48.12:595][  0]LogConfig: Setting CVar [[r.Streaming.MaxNumTexturesToStreamPerFrame:0]]
[2019.06.11-19.48.12:595][  0]LogConfig: Setting CVar [[r.Streaming.Boost:1]]
[2019.06.11-19.48.12:595][  0]LogConfig: Setting CVar [[r.MaxAnisotropy:8]]
[2019.06.11-19.48.12:595][  0]LogConfig: Setting CVar [[r.Streaming.LimitPoolSizeToVRAM:0]]
[2019.06.11-19.48.12:595][  0]LogConfig: Setting CVar [[r.Streaming.PoolSize:1000]]
[2019.06.11-19.48.12:595][  0]LogConfig: Setting CVar [[r.Streaming.MaxEffectiveScreenSize:0]]
[2019.06.11-19.48.12:595][  0]LogConfig: Applying CVar settings from Section [EffectsQuality@3] File [C:/Users/u1064504/Documents/GitHub/SummerAssetPipe/White Box your City Block with Geo Brushes/Saved/Config/Windows/Scalability.ini]
[2019.06.11-19.48.12:595][  0]LogConfig: Setting CVar [[r.TranslucencyLightingVolumeDim:64]]
[2019.06.11-19.48.12:595][  0]LogConfig: Setting CVar [[r.RefractionQuality:2]]
[2019.06.11-19.48.12:595][  0]LogConfig: Setting CVar [[r.SSR.Quality:3]]
[2019.06.11-19.48.12:595][  0]LogConfig: Setting CVar [[r.SceneColorFormat:4]]
[2019.06.11-19.48.12:595][  0]LogConfig: Setting CVar [[r.DetailMode:2]]
[2019.06.11-19.48.12:595][  0]LogConfig: Setting CVar [[r.TranslucencyVolumeBlur:1]]
[2019.06.11-19.48.12:595][  0]LogConfig: Setting CVar [[r.MaterialQualityLevel:1 ; High quality]]
[2019.06.11-19.48.12:595][  0]LogConfig: Setting CVar [[r.SSS.Scale:1]]
[2019.06.11-19.48.12:595][  0]LogConfig: Setting CVar [[r.SSS.SampleSet:2]]
[2019.06.11-19.48.12:595][  0]LogConfig: Setting CVar [[r.SSS.Quality:1]]
[2019.06.11-19.48.12:595][  0]LogConfig: Setting CVar [[r.SSS.HalfRes:1]]
[2019.06.11-19.48.12:595][  0]LogConfig: Setting CVar [[r.EmitterSpawnRateScale:1.0]]
[2019.06.11-19.48.12:595][  0]LogConfig: Setting CVar [[r.ParticleLightQuality:2]]
[2019.06.11-19.48.12:595][  0]LogConfig: Applying CVar settings from Section [FoliageQuality@3] File [C:/Users/u1064504/Documents/GitHub/SummerAssetPipe/White Box your City Block with Geo Brushes/Saved/Config/Windows/Scalability.ini]
[2019.06.11-19.48.12:595][  0]LogConfig: Setting CVar [[foliage.DensityScale:1.0]]
[2019.06.11-19.48.12:595][  0]LogConfig: Setting CVar [[grass.DensityScale:1.0]]
[2019.06.11-19.48.12:595][  0]LogConfig: Applying CVar settings from Section [Startup] File [../../../Engine/Config/ConsoleVariables.ini]
[2019.06.11-19.48.12:599][  0]LogConfig: Setting CVar [[net.UseAdaptiveNetUpdateFrequency:0]]
[2019.06.11-19.48.12:599][  0]LogConfig: Setting CVar [[p.chaos.AllowCreatePhysxBodies:1]]
[2019.06.11-19.48.12:599][  0]LogConfig: Applying CVar settings from Section [ConsoleVariables] File [C:/Users/u1064504/Documents/GitHub/SummerAssetPipe/White Box your City Block with Geo Brushes/Saved/Config/Windows/Engine.ini]
[2019.06.11-19.48.12:600][  0]LogInit: Computer: eae-n-011
[2019.06.11-19.48.12:600][  0]LogInit: User: u1064504
[2019.06.11-19.48.12:600][  0]LogInit: CPU Page size=4096, Cores=4
[2019.06.11-19.48.12:600][  0]LogInit: High frequency timer resolution =3.023440 MHz
[2019.06.11-19.48.12:601][  0]LogMemory: Memory total: Physical=15.9GB (16GB approx)
[2019.06.11-19.48.12:601][  0]LogMemory: Platform Memory Stats for Windows
[2019.06.11-19.48.12:601][  0]LogMemory: Process Physical Memory: 96.11 MB used, 96.11 MB peak
[2019.06.11-19.48.12:601][  0]LogMemory: Process Virtual Memory: 90.68 MB used, 90.68 MB peak
[2019.06.11-19.48.12:601][  0]LogMemory: Physical Memory: 6089.26 MB used,  10214.04 MB free, 16303.30 MB total
[2019.06.11-19.48.12:601][  0]LogMemory: Virtual Memory: 4655.86 MB used,  134213072.00 MB free, 134217728.00 MB total
[2019.06.11-19.48.12:846][  0]LogInit: Using OS detected language (en-US).
[2019.06.11-19.48.12:846][  0]LogInit: Using OS detected locale (en-US).
[2019.06.11-19.48.12:850][  0]LogTextLocalizationManager: No specific localization for 'en-US' exists, so the 'en' localization will be used.
[2019.06.11-19.48.13:122][  0]LogInit: Setting process to per monitor DPI aware
[2019.06.11-19.48.13:217][  0]LogSlate: New Slate User Created.  User Index 0, Is Virtual User: 0
[2019.06.11-19.48.13:217][  0]LogSlate: Slate User Registered.  User Index 0, Is Virtual User: 0
[2019.06.11-19.48.14:813][  0]LogHMD: Failed to initialize OpenVR with code 110
[2019.06.11-19.48.14:813][  0]LogD3D11RHI: D3D11 adapters:
[2019.06.11-19.48.14:865][  0]LogD3D11RHI:    0. 'Radeon RX Vega M GH Graphics' (Feature Level 11_0)
[2019.06.11-19.48.14:865][  0]LogD3D11RHI:       4042/0/8151 MB DedicatedVideo/DedicatedSystem/SharedSystem, Outputs:1, VendorId:0x1002
[2019.06.11-19.48.14:891][  0]LogD3D11RHI:    1. 'Intel(R) HD Graphics 630' (Feature Level 11_0)
[2019.06.11-19.48.14:891][  0]LogD3D11RHI:       128/0/8151 MB DedicatedVideo/DedicatedSystem/SharedSystem, Outputs:0, VendorId:0x8086
[2019.06.11-19.48.14:892][  0]LogD3D11RHI:    2. 'Microsoft Basic Render Driver' (Feature Level 11_0)
[2019.06.11-19.48.14:892][  0]LogD3D11RHI:       0/0/8151 MB DedicatedVideo/DedicatedSystem/SharedSystem, Outputs:0, VendorId:0x1414
[2019.06.11-19.48.14:892][  0]LogD3D11RHI: Chosen D3D11 Adapter: 0
[2019.06.11-19.48.14:901][  0]LogD3D11RHI: Creating new Direct3DDevice
[2019.06.11-19.48.14:901][  0]LogD3D11RHI:     GPU DeviceId: 0x694c (for the marketing name, search the web for "GPU Device Id")
[2019.06.11-19.48.14:901][  0]LogWindows: EnumDisplayDevices:
[2019.06.11-19.48.14:901][  0]LogWindows:    0. 'Radeon RX Vega M GH Graphics' (P:1 D:1)
[2019.06.11-19.48.14:902][  0]LogWindows:    1. 'Radeon RX Vega M GH Graphics' (P:0 D:0)
[2019.06.11-19.48.14:902][  0]LogWindows:    2. 'Radeon RX Vega M GH Graphics' (P:0 D:0)
[2019.06.11-19.48.14:902][  0]LogWindows:    3. 'Radeon RX Vega M GH Graphics' (P:0 D:0)
[2019.06.11-19.48.14:902][  0]LogWindows:    4. 'Radeon RX Vega M GH Graphics' (P:0 D:0)
[2019.06.11-19.48.14:903][  0]LogWindows:    5. 'Radeon RX Vega M GH Graphics' (P:0 D:0)
[2019.06.11-19.48.14:903][  0]LogWindows:    6. 'Radeon RX Vega M GH Graphics' (P:0 D:0)
[2019.06.11-19.48.14:903][  0]LogWindows:    7. 'Radeon RX Vega M GH Graphics' (P:0 D:0)
[2019.06.11-19.48.14:903][  0]LogWindows:    8. 'Intel(R) HD Graphics 630' (P:0 D:0)
[2019.06.11-19.48.14:903][  0]LogWindows:    9. 'Intel(R) HD Graphics 630' (P:0 D:0)
[2019.06.11-19.48.14:904][  0]LogWindows: DebugString: PrimaryIsNotTheChoosenAdapter PrimaryIsNotTheChoosenAdapter FoundDriverCount:8 
[2019.06.11-19.48.14:904][  0]LogD3D11RHI:     Adapter Name: Radeon RX Vega M GH Graphics
[2019.06.11-19.48.14:904][  0]LogD3D11RHI:   Driver Version: Adrenalin 19 18.12.2 (internal:25.20.15002.58, unified:25.20.15002.58)
[2019.06.11-19.48.14:904][  0]LogD3D11RHI:      Driver Date: 12-6-2018
[2019.06.11-19.48.14:904][  0]LogRHI: Texture pool is 2829 MB (70% of 4042 MB)
[2019.06.11-19.48.15:001][  0]LogD3D11RHI: Async texture creation enabled
[2019.06.11-19.48.15:016][  0]LogRendererCore: FGlobalReadBuffer::InitRHI
[2019.06.11-19.48.15:017][  0]LogRendererCore: FGlobalReadBuffer::InitRHI
[2019.06.11-19.48.15:018][  0]LogRendererCore: FGlobalReadBuffer::InitRHI
[2019.06.11-19.48.15:027][  0]LogD3D11RHI: GPU Timing Frequency: 25.000000 (Debug: 2 1)
[2019.06.11-19.48.15:587][  0]LogTemp: Display: Module 'AllDesktopTargetPlatform' loaded TargetPlatform 'AllDesktop'
[2019.06.11-19.48.15:600][  0]LogTemp: Display: Module 'MacClientTargetPlatform' loaded TargetPlatform 'MacClient'
[2019.06.11-19.48.15:614][  0]LogTemp: Display: Module 'MacNoEditorTargetPlatform' loaded TargetPlatform 'MacNoEditor'
[2019.06.11-19.48.15:628][  0]LogTemp: Display: Module 'MacServerTargetPlatform' loaded TargetPlatform 'MacServer'
[2019.06.11-19.48.15:647][  0]LogTemp: Display: Module 'MacTargetPlatform' loaded TargetPlatform 'Mac'
[2019.06.11-19.48.15:662][  0]LogTemp: Display: Module 'WindowsClientTargetPlatform' loaded TargetPlatform 'WindowsClient'
[2019.06.11-19.48.15:678][  0]LogTemp: Display: Module 'WindowsNoEditorTargetPlatform' loaded TargetPlatform 'WindowsNoEditor'
[2019.06.11-19.48.15:692][  0]LogTemp: Display: Module 'WindowsServerTargetPlatform' loaded TargetPlatform 'WindowsServer'
[2019.06.11-19.48.15:700][  0]LogTemp: Display: Module 'WindowsTargetPlatform' loaded TargetPlatform 'Windows'
[2019.06.11-19.48.15:778][  0]LogTemp: Display: Module 'AndroidTargetPlatform' loaded TargetPlatform 'Android'
[2019.06.11-19.48.15:778][  0]LogTemp: Display: Module 'AndroidTargetPlatform' loaded TargetPlatform 'Android_ASTC'
[2019.06.11-19.48.15:778][  0]LogTemp: Display: Module 'AndroidTargetPlatform' loaded TargetPlatform 'Android_ATC'
[2019.06.11-19.48.15:778][  0]LogTemp: Display: Module 'AndroidTargetPlatform' loaded TargetPlatform 'Android_DXT'
[2019.06.11-19.48.15:778][  0]LogTemp: Display: Module 'AndroidTargetPlatform' loaded TargetPlatform 'Android_ETC1'
[2019.06.11-19.48.15:778][  0]LogTemp: Display: Module 'AndroidTargetPlatform' loaded TargetPlatform 'Android_ETC1a'
[2019.06.11-19.48.15:778][  0]LogTemp: Display: Module 'AndroidTargetPlatform' loaded TargetPlatform 'Android_ETC2'
[2019.06.11-19.48.15:778][  0]LogTemp: Display: Module 'AndroidTargetPlatform' loaded TargetPlatform 'Android_PVRTC'
[2019.06.11-19.48.15:778][  0]LogTemp: Display: Module 'AndroidTargetPlatform' loaded TargetPlatform 'AndroidClient'
[2019.06.11-19.48.15:778][  0]LogTemp: Display: Module 'AndroidTargetPlatform' loaded TargetPlatform 'Android_ASTCClient'
[2019.06.11-19.48.15:778][  0]LogTemp: Display: Module 'AndroidTargetPlatform' loaded TargetPlatform 'Android_ATCClient'
[2019.06.11-19.48.15:778][  0]LogTemp: Display: Module 'AndroidTargetPlatform' loaded TargetPlatform 'Android_DXTClient'
[2019.06.11-19.48.15:778][  0]LogTemp: Display: Module 'AndroidTargetPlatform' loaded TargetPlatform 'Android_ETC1Client'
[2019.06.11-19.48.15:778][  0]LogTemp: Display: Module 'AndroidTargetPlatform' loaded TargetPlatform 'Android_ETC1aClient'
[2019.06.11-19.48.15:778][  0]LogTemp: Display: Module 'AndroidTargetPlatform' loaded TargetPlatform 'Android_ETC2Client'
[2019.06.11-19.48.15:778][  0]LogTemp: Display: Module 'AndroidTargetPlatform' loaded TargetPlatform 'Android_PVRTCClient'
[2019.06.11-19.48.15:778][  0]LogTemp: Display: Module 'AndroidTargetPlatform' loaded TargetPlatform 'Android_Multi'
[2019.06.11-19.48.15:778][  0]LogTemp: Display: Module 'AndroidTargetPlatform' loaded TargetPlatform 'Android_MultiClient'
[2019.06.11-19.48.15:781][  0]LogTemp: Display: Module 'HTML5TargetPlatform' loaded TargetPlatform 'HTML5'
[2019.06.11-19.48.15:843][  0]LogTemp: Display: Module 'IOSTargetPlatform' loaded TargetPlatform 'IOSClient'
[2019.06.11-19.48.15:843][  0]LogTemp: Display: Module 'IOSTargetPlatform' loaded TargetPlatform 'IOS'
[2019.06.11-19.48.15:865][  0]LogTemp: Display: Module 'TVOSTargetPlatform' loaded TargetPlatform 'TVOSClient'
[2019.06.11-19.48.15:865][  0]LogTemp: Display: Module 'TVOSTargetPlatform' loaded TargetPlatform 'TVOS'
[2019.06.11-19.48.15:878][  0]LogTemp: Display: Module 'LinuxClientTargetPlatform' loaded TargetPlatform 'LinuxClient'
[2019.06.11-19.48.15:891][  0]LogTemp: Display: Module 'LinuxNoEditorTargetPlatform' loaded TargetPlatform 'LinuxNoEditor'
[2019.06.11-19.48.15:905][  0]LogTemp: Display: Module 'LinuxServerTargetPlatform' loaded TargetPlatform 'LinuxServer'
[2019.06.11-19.48.15:924][  0]LogTemp: Display: Module 'LinuxTargetPlatform' loaded TargetPlatform 'Linux'
[2019.06.11-19.48.15:965][  0]LogTemp: Display: Module 'LuminTargetPlatform' loaded TargetPlatform 'Lumin'
[2019.06.11-19.48.15:965][  0]LogTemp: Display: Module 'LuminTargetPlatform' loaded TargetPlatform 'LuminClient'
[2019.06.11-19.48.15:965][  0]LogTargetPlatformManager: Display: Building Assets For Windows
[2019.06.11-19.48.16:001][  0]LogAudioDebug: Display: Lib vorbis DLL was dynamically loaded.
[2019.06.11-19.48.16:157][  0]LogShaderCompilers: Guid format shader working directory is -60 characters bigger than the processId version (../../../../../../Users/u1064504/Documents/GitHub/SummerAssetPipe/White Box your City Block with Geo Brushes/Intermediate/Shaders/WorkingDirectory/15656/).
[2019.06.11-19.48.16:157][  0]LogShaderCompilers: Cleaned the shader compiler working directory 'C:/Users/u1064504/AppData/Local/Temp/UnrealShaderWorkingDir/A29E3E654732EFE5B94ABAAECC017DAB/'.
[2019.06.11-19.48.16:162][  0]LogXGEController: Cleaning working directory: C:/Users/u1064504/AppData/Local/Temp/UnrealXGEWorkingDir/
[2019.06.11-19.48.16:162][  0]LogXGEController: Cannot use XGE Controller as Incredibuild is not installed on this machine.
[2019.06.11-19.48.16:163][  0]LogShaderCompilers: Cannot use XGE Shader Compiler as Incredibuild is not installed on this machine.
[2019.06.11-19.48.16:163][  0]LogShaderCompilers: Display: Using Local Shader Compiler.
[2019.06.11-19.48.17:806][  0]LogDerivedDataCache: Display: Max Cache Size: 512 MB
[2019.06.11-19.48.18:020][  0]LogDerivedDataCache: Loaded boot cache 0.21s 71MB C:/Users/u1064504/AppData/Local/UnrealEngine/4.22/DerivedDataCache/Boot.ddc.
[2019.06.11-19.48.18:020][  0]LogDerivedDataCache: Display: Loaded Boot cache: C:/Users/u1064504/AppData/Local/UnrealEngine/4.22/DerivedDataCache/Boot.ddc
[2019.06.11-19.48.18:020][  0]LogDerivedDataCache: FDerivedDataBackendGraph:  Pak pak cache file ../../../../../../Users/u1064504/Documents/GitHub/SummerAssetPipe/White Box your City Block with Geo Brushes/DerivedDataCache/DDC.ddp not found, will not use a pak cache.
[2019.06.11-19.48.18:020][  0]LogDerivedDataCache: Unable to find inner node Pak for hierarchical cache Hierarchy.
[2019.06.11-19.48.18:020][  0]LogDerivedDataCache: FDerivedDataBackendGraph:  CompressedPak pak cache file ../../../../../../Users/u1064504/Documents/GitHub/SummerAssetPipe/White Box your City Block with Geo Brushes/DerivedDataCache/Compressed.ddp not found, will not use a pak cache.
[2019.06.11-19.48.18:020][  0]LogDerivedDataCache: Unable to find inner node CompressedPak for hierarchical cache Hierarchy.
[2019.06.11-19.48.18:040][  0]LogDerivedDataCache: Display: Pak cache opened for reading ../../../Engine/DerivedDataCache/Compressed.ddp.
[2019.06.11-19.48.18:040][  0]LogDerivedDataCache: FDerivedDataBackendGraph:  EnterprisePak pak cache file ../../../Enterprise/DerivedDataCache/Compressed.ddp not found, will not use a pak cache.
[2019.06.11-19.48.18:040][  0]LogDerivedDataCache: Unable to find inner node EnterprisePak for hierarchical cache Hierarchy.
[2019.06.11-19.48.18:053][  0]LogDerivedDataCache: Using Local data cache path C:/Users/u1064504/AppData/Local/UnrealEngine/Common/DerivedDataCache: Writable
[2019.06.11-19.48.18:053][  0]LogDerivedDataCache: Shared data cache path not found in *engine.ini, will not use an Shared cache.
[2019.06.11-19.48.18:053][  0]LogDerivedDataCache: Unable to find inner node Shared for hierarchical cache Hierarchy.
[2019.06.11-19.48.18:076][  0]LogMaterial: Verifying Global Shaders for PCD3D_SM5
[2019.06.11-19.48.18:085][  0]LogSlate: Using FreeType 2.6.0
[2019.06.11-19.48.18:099][  0]LogSlate: SlateFontServices - WITH_FREETYPE: 1, WITH_HARFBUZZ: 1
[2019.06.11-19.48.18:473][  0]LogAssetRegistry: FAssetRegistry took 0.0361 seconds to start up
[2019.06.11-19.48.18:940][  0]LogInit: Selected Device Profile: [Windows]
[2019.06.11-19.48.19:250][  0]LogMeshReduction: Using QuadricMeshReduction for automatic static mesh reduction
[2019.06.11-19.48.19:250][  0]LogMeshReduction: Using SimplygonMeshReduction for automatic skeletal mesh reduction
[2019.06.11-19.48.19:250][  0]LogMeshReduction: Using ProxyLODMeshReduction for automatic mesh merging
[2019.06.11-19.48.19:250][  0]LogMeshReduction: No distributed automatic mesh merging module available
[2019.06.11-19.48.19:250][  0]LogMeshMerging: No distributed automatic mesh merging module available
[2019.06.11-19.48.19:297][  0]LogNetVersion: WB_GeoBrushes 1.0.0, NetCL: 5660361, EngineNetVer: 10, GameNetVer: 0 (Checksum: 2707502122)
[2019.06.11-19.48.20:291][  0]LogPackageLocalizationCache: Processed 10 localized package path(s) for 1 prioritized culture(s) in 0.054393 seconds
[2019.06.11-19.48.20:297][  0]LogUObjectArray: 42205 objects as part of root set at end of initial load.
[2019.06.11-19.48.20:298][  0]LogUObjectAllocator: 7325032 out of 0 bytes used by permanent object pool.
[2019.06.11-19.48.20:298][  0]LogUObjectArray: CloseDisregardForGC: 0/0 objects in disregard for GC pool
[2019.06.11-19.48.23:678][  0]LogTcpMessaging: Initializing TcpMessaging bridge
[2019.06.11-19.48.23:695][  0]LogUdpMessaging: Initializing bridge on interface 0.0.0.0:0 to multicast group 230.0.0.1:6666.
[2019.06.11-19.48.23:884][  0]SourceControl: Source control is disabled
[2019.06.11-19.48.23:885][  0]SourceControl: Source control is disabled
[2019.06.11-19.48.23:901][  0]SourceControl: Source control is disabled
[2019.06.11-19.48.23:908][  0]SourceControl: Source control is disabled
[2019.06.11-19.48.24:172][  0]LogAndroidPermission: UAndroidPermissionCallbackProxy::GetInstance
[2019.06.11-19.48.24:325][  0]LogOcInput: OculusInput pre-init called
[2019.06.11-19.48.25:050][  0]LogEngine: Initializing Engine...
[2019.06.11-19.48.25:052][  0]LogHMD: Failed to initialize OpenVR with code 110
[2019.06.11-19.48.25:054][  0]LogStats: UGameplayTagsManager::InitializeManager -  0.001 s
[2019.06.11-19.48.25:259][  0]LogInit: Initializing FReadOnlyCVARCache
[2019.06.11-19.48.25:322][  0]LogAIModule: Creating AISystem for world Untitled
[2019.06.11-19.48.25:351][  0]LogInit: XAudio2 using '4 - CintiqPro24P (AMD High Definition Audio Device)' : 2 channels at 48 kHz using 16 bits per sample (channel mask 0x3)
[2019.06.11-19.48.25:408][  0]LogInit: FAudioDevice initialized.
[2019.06.11-19.48.25:408][  0]LogNetVersion: Set ProjectVersion to 1.0.0.0. Version Checksum will be recalculated on next use.
[2019.06.11-19.48.25:491][  0]LogDerivedDataCache: Saved boot cache 0.08s 71MB C:/Users/u1064504/AppData/Local/UnrealEngine/4.22/DerivedDataCache/Boot.ddc.
[2019.06.11-19.48.25:501][  0]LogInit: Texture streaming: Enabled
[2019.06.11-19.48.25:531][  0]LogEngineSessionManager: EngineSessionManager initialized
[2019.06.11-19.48.25:577][  0]LogInit: Transaction tracking system initialized
[2019.06.11-19.48.25:649][  0]BlueprintLog: New page: Editor Load
[2019.06.11-19.48.25:921][  0]LocalizationService: Localization service is disabled
[2019.06.11-19.48.26:341][  0]LogFileCache: Scanning file cache for directory 'C:/Users/u1064504/Documents/GitHub/SummerAssetPipe/White Box your City Block with Geo Brushes/Content/' took 0.01s
[2019.06.11-19.48.26:341][  0]LogCook: Display: Max memory allowance for cook 16384mb min free memory 0mb
[2019.06.11-19.48.26:341][  0]LogCook: Display: Mobile HDR setting 1
[2019.06.11-19.48.26:812][  0]SourceControl: Source control is disabled
[2019.06.11-19.48.26:812][  0]Cmd: MAP LOAD FILE="../../../Engine/Content/Maps/Templates/Template_Default.umap" TEMPLATE=1 SHOWPROGRESS=1 FEATURELEVEL=3
[2019.06.11-19.48.26:813][  0]LightingResults: New page: Lighting Build
[2019.06.11-19.48.26:822][  0]MapCheck: New page: Map Check
[2019.06.11-19.48.26:822][  0]LightingResults: New page: Lighting Build
[2019.06.11-19.48.26:857][  0]LogUObjectHash: Compacting FUObjectHashTables data took   1.60ms
[2019.06.11-19.48.26:981][  0]LogAIModule: Creating AISystem for world Untitled_1
[2019.06.11-19.48.27:002][  0]LogEditorServer: Finished looking for orphan Actors (0.000 secs)
[2019.06.11-19.48.27:029][  0]LogUObjectHash: Compacting FUObjectHashTables data took   1.49ms
[2019.06.11-19.48.27:029][  0]Cmd: MAP CHECKDEP NOCLEARLOG
[2019.06.11-19.48.27:029][  0]MapCheck: Map check complete: 0 Error(s), 0 Warning(s), took 0.126ms to complete.
[2019.06.11-19.48.27:029][  0]LogFileHelpers: Loading map 'Template_Default' took 0.218
[2019.06.11-19.48.27:215][  0]LogSlate: Updating window title bar state: overlay mode, drag disabled, window buttons hidden, title bar hidden
[2019.06.11-19.48.27:223][  0]LogSlate: Updating window title bar state: overlay mode, drag disabled, window buttons hidden, title bar hidden
[2019.06.11-19.48.27:229][  0]LogSlate: Updating window title bar state: overlay mode, drag disabled, window buttons hidden, title bar hidden
[2019.06.11-19.48.27:235][  0]LogSlate: Updating window title bar state: overlay mode, drag disabled, window buttons hidden, title bar hidden
[2019.06.11-19.48.27:260][  0]LogCollectionManager: Loaded 0 collections in 0.002002 seconds
[2019.06.11-19.48.27:323][  0]LogFileCache: Scanning file cache for directory 'C:/Users/u1064504/Documents/GitHub/SummerAssetPipe/White Box your City Block with Geo Brushes/Saved/Collections/' took 0.01s
[2019.06.11-19.48.27:323][  0]LogFileCache: Scanning file cache for directory 'C:/Users/u1064504/Documents/GitHub/SummerAssetPipe/White Box your City Block with Geo Brushes/Content/Developers/u1064504/Collections/' took 0.01s
[2019.06.11-19.48.27:323][  0]LogFileCache: Scanning file cache for directory 'C:/Users/u1064504/Documents/GitHub/SummerAssetPipe/White Box your City Block with Geo Brushes/Content/Collections/' took 0.01s
[2019.06.11-19.48.27:323][  0]LogCollectionManager: Rebuilt the GUID cache for 0 collections in 0.000000 seconds
[2019.06.11-19.48.27:334][  0]LogContentBrowser: Native class hierarchy populated in 0.0083 seconds. Added 2732 classes and 659 folders.
[2019.06.11-19.48.27:351][  0]LogContentBrowser: Native class hierarchy updated for 'WidgetCarousel' in 0.0002 seconds. Added 0 classes and 0 folders.
[2019.06.11-19.48.27:363][  0]LogPakFile: Registered encryption key '00000000000000000000000000000000': 0 pak files mounted, 0 remain pending
[2019.06.11-19.48.27:371][  0]LogPakFile: Registered encryption key '00000000000000000000000000000000': 0 pak files mounted, 0 remain pending
[2019.06.11-19.48.27:386][  0]LogPakFile: Registered encryption key '00000000000000000000000000000000': 0 pak files mounted, 0 remain pending
[2019.06.11-19.48.27:393][  0]LogPakFile: Registered encryption key '00000000000000000000000000000000': 0 pak files mounted, 0 remain pending
[2019.06.11-19.48.27:399][  0]LogPakFile: Registered encryption key '00000000000000000000000000000000': 0 pak files mounted, 0 remain pending
[2019.06.11-19.48.27:404][  0]LogPakFile: Registered encryption key '00000000000000000000000000000000': 0 pak files mounted, 0 remain pending
[2019.06.11-19.48.27:410][  0]LogPakFile: Registered encryption key '00000000000000000000000000000000': 0 pak files mounted, 0 remain pending
[2019.06.11-19.48.27:420][  0]LogPakFile: Registered encryption key '00000000000000000000000000000000': 0 pak files mounted, 0 remain pending
[2019.06.11-19.48.27:430][  0]LogPakFile: Registered encryption key '00000000000000000000000000000000': 0 pak files mounted, 0 remain pending
[2019.06.11-19.48.27:437][  0]LogPakFile: Registered encryption key '00000000000000000000000000000000': 0 pak files mounted, 0 remain pending
[2019.06.11-19.48.27:444][  0]LogPakFile: Registered encryption key '00000000000000000000000000000000': 0 pak files mounted, 0 remain pending
[2019.06.11-19.48.27:451][  0]LogPakFile: Registered encryption key '00000000000000000000000000000000': 0 pak files mounted, 0 remain pending
[2019.06.11-19.48.27:457][  0]LogPakFile: Registered encryption key '00000000000000000000000000000000': 0 pak files mounted, 0 remain pending
[2019.06.11-19.48.27:464][  0]LogPakFile: Registered encryption key '00000000000000000000000000000000': 0 pak files mounted, 0 remain pending
[2019.06.11-19.48.27:469][  0]LogPakFile: Registered encryption key '00000000000000000000000000000000': 0 pak files mounted, 0 remain pending
[2019.06.11-19.48.27:476][  0]LogPakFile: Registered encryption key '00000000000000000000000000000000': 0 pak files mounted, 0 remain pending
[2019.06.11-19.48.27:500][  0]LogPakFile: Registered encryption key '00000000000000000000000000000000': 0 pak files mounted, 0 remain pending
[2019.06.11-19.48.27:506][  0]LogPakFile: Registered encryption key '00000000000000000000000000000000': 0 pak files mounted, 0 remain pending
[2019.06.11-19.48.27:512][  0]LogPakFile: Registered encryption key '00000000000000000000000000000000': 0 pak files mounted, 0 remain pending
[2019.06.11-19.48.27:517][  0]LogPakFile: Registered encryption key '00000000000000000000000000000000': 0 pak files mounted, 0 remain pending
[2019.06.11-19.48.27:523][  0]LogPakFile: Registered encryption key '00000000000000000000000000000000': 0 pak files mounted, 0 remain pending
[2019.06.11-19.48.27:529][  0]LogPakFile: Registered encryption key '00000000000000000000000000000000': 0 pak files mounted, 0 remain pending
[2019.06.11-19.48.27:535][  0]LogPakFile: Registered encryption key '00000000000000000000000000000000': 0 pak files mounted, 0 remain pending
[2019.06.11-19.48.27:543][  0]LogPakFile: Registered encryption key '00000000000000000000000000000000': 0 pak files mounted, 0 remain pending
[2019.06.11-19.48.27:549][  0]LogPakFile: Registered encryption key '00000000000000000000000000000000': 0 pak files mounted, 0 remain pending
[2019.06.11-19.48.27:555][  0]LogPakFile: Registered encryption key '00000000000000000000000000000000': 0 pak files mounted, 0 remain pending
[2019.06.11-19.48.27:763][  0]LogContentBrowser: Native class hierarchy updated for 'AddContentDialog' in 0.0004 seconds. Added 0 classes and 0 folders.
[2019.06.11-19.48.27:783][  0]LogContentBrowser: Native class hierarchy updated for 'SceneOutliner' in 0.0002 seconds. Added 1 classes and 2 folders.
[2019.06.11-19.48.27:861][  0]LogSlate: Took 0.006359 seconds to synchronously load lazily loaded font '../../../Engine/Content/Slate/Fonts/Roboto-Regular.ttf' (155K)
[2019.06.11-19.48.27:868][  0]LogSlate: Took 0.005459 seconds to synchronously load lazily loaded font '../../../Engine/Content/Slate/Fonts/Roboto-Bold.ttf' (160K)
[2019.06.11-19.48.27:881][  0]LogSlate: Took 0.007251 seconds to synchronously load lazily loaded font '../../../Engine/Content/Editor/Slate/Fonts/FontAwesome.ttf' (139K)
[2019.06.11-19.48.27:977][  0]LogRenderer: Reallocating scene render targets to support 1208x576 Format 10 NumSamples 1 (Frame:1).
[2019.06.11-19.48.28:206][  0]LogContentBrowser: Native class hierarchy updated for 'HierarchicalLODOutliner' in 0.0003 seconds. Added 0 classes and 0 folders.
[2019.06.11-19.48.28:206][  0]LogLoad: (Engine Initialization) Total time: 20.75 seconds
[2019.06.11-19.48.28:206][  0]LogLoad: (Engine Initialization) Total Blueprint compile time: 0.00 seconds
[2019.06.11-19.48.28:221][  0]LogWindowsTextInputMethodSystem: Display: IME system now deactivated.
[2019.06.11-19.48.28:248][  0]LogAssetRegistry: Asset discovery search completed in 9.7975 seconds
[2019.06.11-19.48.28:250][  0]LogCollectionManager: Rebuilt the object cache for 0 collections in 0.000000 seconds (found 0 objects)
[2019.06.11-19.48.28:250][  0]LogCollectionManager: Fixed up redirectors for 0 collections in 0.000054 seconds (updated 0 objects)
[2019.06.11-19.48.28:259][  0]LogContentStreaming: Texture pool size now 1000 MB
[2019.06.11-19.48.31:860][420]LogSlate: FSceneViewport::OnFocusLost() reason 0
[2019.06.11-19.48.33:661][628]LogSlate: Took 0.005598 seconds to synchronously load lazily loaded font '../../../Engine/Content/Slate/Fonts/Roboto-Light.ttf' (167K)
[2019.06.11-19.48.34:171][628]LogMaterial: Display: Missing cached shader map for material SM_hatMat, compiling. 
[2019.06.11-19.48.34:231][628]LogStaticMesh: Building static mesh mann...
[2019.06.11-19.48.34:352][628]LogStaticMesh: Built static mesh [0.12s] /Game/mann.mann
[2019.06.11-19.48.34:398][628]LogMaterial: Display: Missing cached shader map for material NewMaterial, compiling. 
[2019.06.11-19.48.34:543][628]LogAIModule: Creating AISystem for world WB_CityDesign
[2019.06.11-19.48.35:504][628]LogAssetEditorManager: Opening Asset editor for World /Game/WB_CityDesign.WB_CityDesign
[2019.06.11-19.48.35:540][628]LogUObjectHash: Compacting FUObjectHashTables data took   2.10ms
[2019.06.11-19.48.35:544][628]Cmd: MAP LOAD FILE="../../../../../../Users/u1064504/Documents/GitHub/SummerAssetPipe/White Box your City Block with Geo Brushes/Content/WB_CityDesign.umap" TEMPLATE=0 SHOWPROGRESS=1 FEATURELEVEL=3
[2019.06.11-19.48.35:544][628]LightingResults: New page: Lighting Build
[2019.06.11-19.48.35:545][628]LoadErrors: New page: Loading map: WB_CityDesign.umap
[2019.06.11-19.48.35:553][628]MapCheck: New page: Map Check
[2019.06.11-19.48.35:553][628]LightingResults: New page: Lighting Build
[2019.06.11-19.48.35:593][628]LogUObjectHash: Compacting FUObjectHashTables data took   2.03ms
[2019.06.11-19.48.35:696][628]LogEditorServer: Finished looking for orphan Actors (0.001 secs)
[2019.06.11-19.48.36:779][628]LogUObjectHash: Compacting FUObjectHashTables data took   2.24ms
[2019.06.11-19.48.36:813][628]Cmd: MAP CHECKDEP NOCLEARLOG
[2019.06.11-19.48.36:814][628]MapCheck: Map check complete: 0 Error(s), 0 Warning(s), took 0.534ms to complete.
[2019.06.11-19.48.36:814][628]LogFileHelpers: Loading map 'WB_CityDesign' took 1.273
[2019.06.11-19.49.12:726][710]LogSlate: FSceneViewport::OnFocusLost() reason 0
[2019.06.11-19.49.12:832][720]LogUObjectHash: Compacting FUObjectHashTables data took   0.56ms
[2019.06.11-19.49.12:888][720]LogSlate: Window 'WB_GeoBrushes - Unreal Editor' being destroyed
[2019.06.11-19.49.12:889][720]LogWindowsTextInputMethodSystem: Display: IME system now deactivated.
[2019.06.11-19.49.13:122][721]Cmd: QUIT_EDITOR
[2019.06.11-19.49.13:171][721]LogExit: Preparing to exit.
[2019.06.11-19.49.13:808][721]LogExit: Editor shut down
[2019.06.11-19.49.13:809][721]LogExit: Transaction tracking system shut down
[2019.06.11-19.49.14:057][721]LogExit: Object subsystem successfully closed.
[2019.06.11-19.49.14:082][721]LogShaderCompilers: Display: Shaders left to compile 0
[2019.06.11-19.49.14:086][721]LogD3D11RHI: Shutdown
[2019.06.11-19.49.14:086][721]LogD3D11RHI: CleanupD3DDevice
[2019.06.11-19.49.14:087][721]LogRendererCore: FGlobalReadBuffer::ReleaseRHI
[2019.06.11-19.49.14:087][721]LogRendererCore: FGlobalDynamicReadBuffer::Cleanup()
[2019.06.11-19.49.14:088][721]LogRendererCore: FGlobalReadBuffer::ReleaseRHI
[2019.06.11-19.49.14:088][721]LogRendererCore: FGlobalDynamicReadBuffer::Cleanup()
[2019.06.11-19.49.14:088][721]LogRendererCore: FGlobalReadBuffer::ReleaseRHI
[2019.06.11-19.49.14:088][721]LogRendererCore: FGlobalDynamicReadBuffer::Cleanup()
[2019.06.11-19.49.14:258][721]LogD3D11RHI: ~FD3D11DynamicRHI
[2019.06.11-19.49.14:338][721]LogModuleManager: Shutting down and abandoning module MeshBuilder (646)
[2019.06.11-19.49.14:338][721]LogModuleManager: Shutting down and abandoning module HierarchicalLODOutliner (644)
[2019.06.11-19.49.14:338][721]LogModuleManager: Shutting down and abandoning module SceneOutliner (642)
[2019.06.11-19.49.14:338][721]LogModuleManager: Shutting down and abandoning module AddContentDialog (640)
[2019.06.11-19.49.14:340][721]LogModuleManager: Shutting down and abandoning module WidgetCarousel (639)
[2019.06.11-19.49.14:340][721]LogModuleManager: Shutting down and abandoning module EditorWidgets (636)
[2019.06.11-19.49.14:340][721]LogModuleManager: Shutting down and abandoning module CollectionManager (634)
[2019.06.11-19.49.14:340][721]LogModuleManager: Shutting down and abandoning module HierarchicalLODUtilities (632)
[2019.06.11-19.49.14:341][721]LogModuleManager: Shutting down and abandoning module StatsViewer (630)
[2019.06.11-19.49.14:341][721]LogModuleManager: Shutting down and abandoning module FoliageEdit (628)
[2019.06.11-19.49.14:341][721]LogModuleManager: Shutting down and abandoning module LandscapeEditor (626)
[2019.06.11-19.49.14:344][721]LogModuleManager: Shutting down and abandoning module MeshPaintMode (624)
[2019.06.11-19.49.14:344][721]LogModuleManager: Shutting down and abandoning module SceneDepthPickerMode (622)
[2019.06.11-19.49.14:344][721]LogModuleManager: Shutting down and abandoning module ActorPickerMode (620)
[2019.06.11-19.49.14:344][721]LogModuleManager: Shutting down and abandoning module GeometryMode (618)
[2019.06.11-19.49.14:344][721]LogModuleManager: Shutting down and abandoning module TextureAlignMode (616)
[2019.06.11-19.49.14:344][721]LogModuleManager: Shutting down and abandoning module BspMode (614)
[2019.06.11-19.49.14:344][721]LogModuleManager: Shutting down and abandoning module PIEPreviewDeviceProfileSelector (612)
[2019.06.11-19.49.14:346][721]LogModuleManager: Shutting down and abandoning module SequenceRecorderSections (610)
[2019.06.11-19.49.14:346][721]LogModuleManager: Shutting down and abandoning module AutomationWorker (608)
[2019.06.11-19.49.14:347][721]LogModuleManager: Shutting down and abandoning module OculusMR (606)
[2019.06.11-19.49.14:347][721]LogModuleManager: Shutting down and abandoning module AudioCaptureEditor (604)
[2019.06.11-19.49.14:347][721]LogModuleManager: Shutting down and abandoning module MatineeToLevelSequence (602)
[2019.06.11-19.49.14:348][721]LogModuleManager: Shutting down and abandoning module LevelSequenceEditor (600)
[2019.06.11-19.49.14:350][721]LogModuleManager: Shutting down and abandoning module PlacementMode (599)
[2019.06.11-19.49.14:350][721]LogModuleManager: Shutting down and abandoning module MaterialEditor (598)
[2019.06.11-19.49.14:352][721]LogModuleManager: Shutting down and abandoning module ActorSequenceEditor (594)
[2019.06.11-19.49.14:353][721]LogModuleManager: Shutting down and abandoning module WmfMediaFactory (592)
[2019.06.11-19.49.14:353][721]LogModuleManager: Shutting down and abandoning module WmfMediaEditor (590)
[2019.06.11-19.49.14:353][721]LogModuleManager: Shutting down and abandoning module WebMMediaFactory (588)
[2019.06.11-19.49.14:353][721]LogModuleManager: Shutting down and abandoning module WebMMediaEditor (586)
[2019.06.11-19.49.14:353][721]LogModuleManager: Shutting down and abandoning module WebMMedia (584)
[2019.06.11-19.49.14:353][721]LogModuleManager: Shutting down and abandoning module MediaPlayerEditor (582)
[2019.06.11-19.49.14:354][721]LogModuleManager: Shutting down and abandoning module MediaCompositingEditor (580)
[2019.06.11-19.49.14:355][721]LogModuleManager: Shutting down and abandoning module SequenceRecorder (579)
[2019.06.11-19.49.14:355][721]LogModuleManager: Shutting down and abandoning module OpenExrWrapper (576)
[2019.06.11-19.49.14:355][721]LogModuleManager: Shutting down and abandoning module ImgMediaFactory (574)
[2019.06.11-19.49.14:355][721]LogModuleManager: Shutting down and abandoning module ImgMediaEditor (572)
[2019.06.11-19.49.14:355][721]LogModuleManager: Shutting down and abandoning module AvfMediaFactory (570)
[2019.06.11-19.49.14:355][721]LogModuleManager: Shutting down and abandoning module AvfMediaEditor (568)
[2019.06.11-19.49.14:355][721]LogModuleManager: Shutting down and abandoning module AndroidMediaFactory (566)
[2019.06.11-19.49.14:355][721]LogModuleManager: Shutting down and abandoning module AndroidMediaEditor (564)
[2019.06.11-19.49.14:355][721]LogModuleManager: Shutting down and abandoning module MagicLeapCameraPreviewFactory (562)
[2019.06.11-19.49.14:355][721]LogModuleManager: Shutting down and abandoning module MagicLeapMediaCodecFactory (560)
[2019.06.11-19.49.14:355][721]LogModuleManager: Shutting down and abandoning module MagicLeapMediaFactory (558)
[2019.06.11-19.49.14:355][721]LogModuleManager: Shutting down and abandoning module MagicLeapMediaEditor (556)
[2019.06.11-19.49.14:355][721]LogModuleManager: Shutting down and abandoning module CharacterAI (554)
[2019.06.11-19.49.14:355][721]LogModuleManager: Shutting down and abandoning module SmartSnapping (552)
[2019.06.11-19.49.14:355][721]LogModuleManager: Shutting down and abandoning module SessionServices (550)
[2019.06.11-19.49.14:355][721]LogModuleManager: Shutting down and abandoning module MeshPaint (548)
[2019.06.11-19.49.14:355][721]LogModuleManager: Shutting down and abandoning module ViewportSnapping (546)
[2019.06.11-19.49.14:355][721]LogModuleManager: Shutting down and abandoning module ViewportInteraction (544)
[2019.06.11-19.49.14:355][721]LogModuleManager: Shutting down and abandoning module ClothPainter (542)
[2019.06.11-19.49.14:356][721]LogModuleManager: Shutting down and abandoning module SkeletalMeshEditor (541)
[2019.06.11-19.49.14:358][721]LogModuleManager: Shutting down and abandoning module LogVisualizer (538)
[2019.06.11-19.49.14:360][721]LogModuleManager: Shutting down and abandoning module IntroTutorials (536)
[2019.06.11-19.49.14:362][721]LogModuleManager: Shutting down and abandoning module GameProjectGeneration (535)
[2019.06.11-19.49.14:363][721]LogModuleManager: Shutting down and abandoning module LuminPlatformEditor (532)
[2019.06.11-19.49.14:363][721]LogModuleManager: Shutting down and abandoning module IOSPlatformEditor (530)
[2019.06.11-19.49.14:363][721]LogModuleManager: Shutting down and abandoning module HTML5PlatformEditor (528)
[2019.06.11-19.49.14:363][721]LogModuleManager: Shutting down and abandoning module AndroidPlatformEditor (526)
[2019.06.11-19.49.14:363][721]LogModuleManager: Shutting down and abandoning module AndroidDeviceDetection (525)
[2019.06.11-19.49.15:070][721]LogModuleManager: Shutting down and abandoning module WindowsPlatformEditor (522)
[2019.06.11-19.49.15:070][721]LogModuleManager: Shutting down and abandoning module LuminRuntimeSettings (520)
[2019.06.11-19.49.15:070][721]LogModuleManager: Shutting down and abandoning module IOSRuntimeSettings (518)
[2019.06.11-19.49.15:070][721]LogModuleManager: Shutting down and abandoning module AndroidRuntimeSettings (516)
[2019.06.11-19.49.15:070][721]LogModuleManager: Shutting down and abandoning module TimeManagementEditor (514)
[2019.06.11-19.49.15:070][721]LogModuleManager: Shutting down and abandoning module InputBindingEditor (512)
[2019.06.11-19.49.15:071][721]LogModuleManager: Shutting down and abandoning module MergeActors (510)
[2019.06.11-19.49.15:072][721]LogModuleManager: Shutting down and abandoning module LocalizationDashboard (508)
[2019.06.11-19.49.15:073][721]LogModuleManager: Shutting down and abandoning module LocalizationService (507)
[2019.06.11-19.49.15:073][721]LogModuleManager: Shutting down and abandoning module HardwareTargeting (504)
[2019.06.11-19.49.15:073][721]LogModuleManager: Shutting down and abandoning module DeviceProfileEditor (502)
[2019.06.11-19.49.15:074][721]LogModuleManager: Shutting down and abandoning module UndoHistory (500)
[2019.06.11-19.49.15:074][721]LogModuleManager: Shutting down and abandoning module XmlParser (498)
[2019.06.11-19.49.15:074][721]LogModuleManager: Shutting down and abandoning module Blutility (496)
[2019.06.11-19.49.15:075][721]LogModuleManager: Shutting down and abandoning module ProjectSettingsViewer (494)
[2019.06.11-19.49.15:075][721]LogModuleManager: Shutting down and abandoning module ProjectTargetPlatformEditor (493)
[2019.06.11-19.49.15:075][721]LogModuleManager: Shutting down and abandoning module EditorSettingsViewer (490)
[2019.06.11-19.49.15:075][721]LogModuleManager: Shutting down and abandoning module SettingsEditor (488)
[2019.06.11-19.49.15:076][721]LogModuleManager: Shutting down and abandoning module ProjectLauncher (486)
[2019.06.11-19.49.15:077][721]LogModuleManager: Shutting down and abandoning module SessionFrontend (484)
[2019.06.11-19.49.15:077][721]LogModuleManager: Shutting down and abandoning module ProfilerClient (482)
[2019.06.11-19.49.15:078][721]LogModuleManager: Shutting down and abandoning module DeviceManager (480)
[2019.06.11-19.49.15:079][721]LogModuleManager: Shutting down and abandoning module TargetDeviceServices (479)
[2019.06.11-19.49.15:133][721]LogModuleManager: Shutting down and abandoning module AutomationController (476)
[2019.06.11-19.49.15:135][721]LogModuleManager: Shutting down and abandoning module AutomationWindow (474)
[2019.06.11-19.49.15:136][721]LogModuleManager: Shutting down and abandoning module Layers (472)
[2019.06.11-19.49.15:140][721]LogModuleManager: Shutting down and abandoning module ComponentVisualizers (470)
[2019.06.11-19.49.15:140][721]LogModuleManager: Shutting down and abandoning module DetailCustomizations (468)
[2019.06.11-19.49.15:143][721]LogModuleManager: Shutting down and abandoning module PackagesDialog (466)
[2019.06.11-19.49.15:144][721]LogModuleManager: Shutting down and abandoning module AnimationBlueprintEditor (464)
[2019.06.11-19.49.15:147][721]LogModuleManager: Shutting down and abandoning module Persona (462)
[2019.06.11-19.49.15:148][721]LogModuleManager: Shutting down and abandoning module AdvancedPreviewScene (461)
[2019.06.11-19.49.15:148][721]LogModuleManager: Shutting down and abandoning module AnimGraph (459)
[2019.06.11-19.49.15:148][721]LogModuleManager: Shutting down and abandoning module Kismet (456)
[2019.06.11-19.49.15:152][721]LogModuleManager: Shutting down and abandoning module GraphEditor (454)
[2019.06.11-19.49.15:155][721]LogModuleManager: Shutting down and abandoning module ClassViewer (452)
[2019.06.11-19.49.15:155][721]LogModuleManager: Shutting down and abandoning module Toolbox (450)
[2019.06.11-19.49.15:155][721]LogModuleManager: Shutting down and abandoning module ModuleUI (448)
[2019.06.11-19.49.15:156][721]LogModuleManager: Shutting down and abandoning module MovieSceneTools (446)
[2019.06.11-19.49.15:156][721]LogModuleManager: Shutting down and abandoning module OutputLog (444)
[2019.06.11-19.49.15:156][721]LogModuleManager: Shutting down and abandoning module GammaUI (442)
[2019.06.11-19.49.15:157][721]LogModuleManager: Shutting down and abandoning module Documentation (440)
[2019.06.11-19.49.15:157][721]LogModuleManager: Shutting down and abandoning module LiveCoding (438)
[2019.06.11-19.49.15:157][721]LogModuleManager: Shutting down and abandoning module LevelSequence (436)
[2019.06.11-19.49.15:157][721]LogModuleManager: Shutting down and abandoning module MovieSceneTracks (434)
[2019.06.11-19.49.15:157][721]LogModuleManager: Shutting down and abandoning module MovieScene (432)
[2019.06.11-19.49.15:158][721]LogModuleManager: Shutting down and abandoning module StreamingPauseRendering (430)
[2019.06.11-19.49.15:158][721]LogModuleManager: Shutting down and abandoning module LauncherPlatform (428)
[2019.06.11-19.49.15:158][721]LogModuleManager: Shutting down and abandoning module AnalyticsET (426)
[2019.06.11-19.49.15:158][721]LogModuleManager: Shutting down and abandoning module PortalServices (424)
[2019.06.11-19.49.15:158][721]LogModuleManager: Shutting down and abandoning module PortalRpc (422)
[2019.06.11-19.49.15:158][721]LogModuleManager: Shutting down and abandoning module MessagingRpc (420)
[2019.06.11-19.49.15:158][721]LogModuleManager: Shutting down and abandoning module AIModule (418)
[2019.06.11-19.49.15:159][721]LogModuleManager: Shutting down and abandoning module GameplayDebugger (417)
[2019.06.11-19.49.15:159][721]LogModuleManager: Shutting down and abandoning module AITestSuite (415)
[2019.06.11-19.49.15:160][721]LogModuleManager: Shutting down and abandoning module NavigationSystem (413)
[2019.06.11-19.49.15:160][721]LogModuleManager: Shutting down and abandoning module DesktopPlatform (410)
[2019.06.11-19.49.15:160][721]LogModuleManager: Shutting down and abandoning module ImageWriteQueue (408)
[2019.06.11-19.49.15:162][721]LogModuleManager: Shutting down and abandoning module ProfilerService (406)
[2019.06.11-19.49.15:236][721]LogModuleManager: Shutting down and abandoning module TaskGraph (404)
[2019.06.11-19.49.15:237][721]LogModuleManager: Shutting down and abandoning module SteamVRController (402)
[2019.06.11-19.49.15:237][721]LogModuleManager: Shutting down and abandoning module ProceduralMeshComponentEditor (400)
[2019.06.11-19.49.15:238][721]LogModuleManager: Shutting down and abandoning module ProceduralMeshComponent (398)
[2019.06.11-19.49.15:239][721]LogModuleManager: Shutting down and abandoning module OculusEditor (396)
[2019.06.11-19.49.15:239][721]LogModuleManager: Shutting down and abandoning module OculusInput (394)
[2019.06.11-19.49.15:240][721]LogModuleManager: Shutting down and abandoning module MobilePatchingUtils (392)
[2019.06.11-19.49.15:240][721]LogModuleManager: Shutting down and abandoning module EditableMesh (390)
[2019.06.11-19.49.15:240][721]LogModuleManager: Shutting down and abandoning module CustomMeshComponent (388)
[2019.06.11-19.49.15:240][721]LogModuleManager: Shutting down and abandoning module CableComponent (386)
[2019.06.11-19.49.15:241][721]LogModuleManager: Shutting down and abandoning module AudioCapture (384)
[2019.06.11-19.49.15:241][721]LogModuleManager: Shutting down and abandoning module ArchVisCharacter (382)
[2019.06.11-19.49.15:241][721]LogModuleManager: Shutting down and abandoning module AndroidPermission (380)
[2019.06.11-19.49.15:241][721]LogModuleManager: Shutting down and abandoning module NUTUnrealEngine4 (378)
[2019.06.11-19.49.15:241][721]LogModuleManager: Shutting down and abandoning module NetcodeUnitTest (376)
[2019.06.11-19.49.15:243][721]LogModuleManager: Shutting down and abandoning module MediaCompositing (374)
[2019.06.11-19.49.15:243][721]LogModuleManager: Shutting down and abandoning module LinearTimecode (372)
[2019.06.11-19.49.15:243][721]LogModuleManager: Shutting down and abandoning module ImgMedia (370)
[2019.06.11-19.49.15:243][721]LogModuleManager: Shutting down and abandoning module MagicLeapHelperVulkan (368)
[2019.06.11-19.49.15:243][721]LogModuleManager: Shutting down and abandoning module MagicLeapHelperOpenGL (366)
[2019.06.11-19.49.15:244][721]LogModuleManager: Shutting down and abandoning module MagicLeapAudio (364)
[2019.06.11-19.49.15:244][721]LogModuleManager: Shutting down and abandoning module HTML5Networking (362)
[2019.06.11-19.49.15:244][721]LogModuleManager: Shutting down and abandoning module GeometryCacheTracks (360)
[2019.06.11-19.49.15:244][721]LogModuleManager: Shutting down and abandoning module GeometryCacheSequencer (358)
[2019.06.11-19.49.15:244][721]LogModuleManager: Shutting down and abandoning module BackChannel (356)
[2019.06.11-19.49.15:245][721]LogModuleManager: Shutting down and abandoning module AppleVision (354)
[2019.06.11-19.49.15:245][721]LogModuleManager: Shutting down and abandoning module AppleImageUtilsBlueprintSupport (352)
[2019.06.11-19.49.15:245][721]LogModuleManager: Shutting down and abandoning module AppleImageUtils (350)
[2019.06.11-19.49.15:245][721]LogModuleManager: Shutting down and abandoning module AlembicImporter (348)
[2019.06.11-19.49.15:245][721]LogModuleManager: Shutting down and abandoning module AlembicLibrary (347)
[2019.06.11-19.49.15:245][721]LogModuleManager: Shutting down and abandoning module GeometryCache (346)
[2019.06.11-19.49.15:245][721]LogModuleManager: Shutting down and abandoning module GeometryCacheEd (345)
[2019.06.11-19.49.15:245][721]LogModuleManager: Shutting down and abandoning module VariantManagerContent (340)
[2019.06.11-19.49.15:245][721]LogModuleManager: Shutting down and abandoning module DatasmithContentEditor (338)
[2019.06.11-19.49.15:246][721]LogModuleManager: Shutting down and abandoning module SpeedTreeImporter (336)
[2019.06.11-19.49.15:246][721]LogModuleManager: Shutting down and abandoning module PluginBrowser (334)
[2019.06.11-19.49.15:249][721]LogModuleManager: Shutting down and abandoning module MobileLauncherProfileWizard (332)
[2019.06.11-19.49.15:250][721]LogModuleManager: Shutting down and abandoning module MaterialAnalyzer (330)
[2019.06.11-19.49.15:250][721]LogModuleManager: Shutting down and abandoning module CryptoKeysOpenSSL (328)
[2019.06.11-19.49.15:250][721]LogModuleManager: Shutting down and abandoning module CryptoKeys (326)
[2019.06.11-19.49.15:250][721]LogModuleManager: Shutting down and abandoning module VisualStudioSourceCodeAccess (324)
[2019.06.11-19.49.15:251][721]LogModuleManager: Shutting down and abandoning module VisualStudioCodeSourceCodeAccess (322)
[2019.06.11-19.49.15:251][721]LogModuleManager: Shutting down and abandoning module UObjectPlugin (320)
[2019.06.11-19.49.15:251][721]LogModuleManager: Shutting down and abandoning module SubversionSourceControl (318)
[2019.06.11-19.49.15:253][721]LogModuleManager: Shutting down and abandoning module PerforceSourceControl (316)
[2019.06.11-19.49.15:255][721]LogModuleManager: Shutting down and abandoning module GitSourceControl (314)
[2019.06.11-19.49.15:256][721]LogModuleManager: Shutting down and abandoning module SourceControl (313)
[2019.06.11-19.49.15:256][721]LogModuleManager: Shutting down and abandoning module CLionSourceCodeAccess (310)
[2019.06.11-19.49.15:256][721]LogModuleManager: Shutting down and abandoning module AnimationSharingEd (308)
[2019.06.11-19.49.15:256][721]LogModuleManager: Shutting down and abandoning module ActorLayerUtilitiesEditor (306)
[2019.06.11-19.49.15:256][721]LogModuleManager: Shutting down and abandoning module ActorLayerUtilities (304)
[2019.06.11-19.49.15:256][721]LogModuleManager: Shutting down and abandoning module LightPropagationVolumeEditor (302)
[2019.06.11-19.49.15:256][721]LogModuleManager: Shutting down and abandoning module PaperTiledImporter (300)
[2019.06.11-19.49.15:256][721]LogModuleManager: Shutting down and abandoning module PaperSpriteSheetImporter (298)
[2019.06.11-19.49.15:256][721]LogModuleManager: Shutting down and abandoning module Paper2DEditor (296)
[2019.06.11-19.49.15:258][721]LogModuleManager: Shutting down and abandoning module SignificanceManager (294)
[2019.06.11-19.49.15:258][721]LogModuleManager: Shutting down and abandoning module RuntimePhysXCooking (292)
[2019.06.11-19.49.15:258][721]LogModuleManager: Shutting down and abandoning module PhysXVehiclesEditor (290)
[2019.06.11-19.49.15:258][721]LogModuleManager: Shutting down and abandoning module PhysXVehicles (288)
[2019.06.11-19.49.15:258][721]LogModuleManager: Shutting down and abandoning module LocationServicesBPLibrary (286)
[2019.06.11-19.49.15:258][721]LogModuleManager: Shutting down and abandoning module ActorSequence (284)
[2019.06.11-19.49.15:258][721]LogModuleManager: Shutting down and abandoning module UdpMessaging (282)
[2019.06.11-19.49.15:359][721]LogModuleManager: Shutting down and abandoning module TcpMessaging (280)
[2019.06.11-19.49.15:461][721]LogModuleManager: Shutting down and abandoning module MagicLeapIdentity (278)
[2019.06.11-19.49.15:461][721]LogModuleManager: Shutting down and abandoning module MagicLeapSecureStorage (276)
[2019.06.11-19.49.15:461][721]LogModuleManager: Shutting down and abandoning module MagicLeapHandTracking (274)
[2019.06.11-19.49.15:461][721]LogModuleManager: Shutting down and abandoning module MagicLeapEyeTracker (272)
[2019.06.11-19.49.15:461][721]LogModuleManager: Shutting down and abandoning module MagicLeapController (270)
[2019.06.11-19.49.15:461][721]LogSlate: Slate User Destroyed.  User Index 0, Is Virtual User: 0
[2019.06.11-19.49.15:461][721]LogModuleManager: Shutting down and abandoning module MagicLeapAR (268)
[2019.06.11-19.49.15:461][721]LogModuleManager: Shutting down and abandoning module AugmentedReality (267)
[2019.06.11-19.49.15:461][721]LogModuleManager: Shutting down and abandoning module GameplayTagsEditor (264)
[2019.06.11-19.49.15:462][721]LogModuleManager: Shutting down and abandoning module FacialAnimationEditor (262)
[2019.06.11-19.49.15:462][721]LogModuleManager: Shutting down and abandoning module FacialAnimation (260)
[2019.06.11-19.49.15:462][721]LogModuleManager: Shutting down and abandoning module DataValidation (258)
[2019.06.11-19.49.15:462][721]LogModuleManager: Shutting down and abandoning module AssetManagerEditor (256)
[2019.06.11-19.49.15:463][721]LogModuleManager: Shutting down and abandoning module LevelEditor (255)
[2019.06.11-19.49.15:464][721]LogModuleManager: Shutting down and abandoning module PixelInspectorModule (254)
[2019.06.11-19.49.15:464][721]LogModuleManager: Shutting down and abandoning module CommonMenuExtensions (252)
[2019.06.11-19.49.15:465][721]LogModuleManager: Shutting down and abandoning module MainFrame (250)
[2019.06.11-19.49.15:465][721]LogModuleManager: Shutting down and abandoning module HotReload (249)
[2019.06.11-19.49.15:465][721]LogModuleManager: Shutting down and abandoning module ContentBrowser (245)
[2019.06.11-19.49.15:466][721]LogModuleManager: Shutting down and abandoning module TreeMap (243)
[2019.06.11-19.49.15:466][721]LogModuleManager: Shutting down and abandoning module AnimationSharing (240)
[2019.06.11-19.49.15:466][721]LogModuleManager: Shutting down and abandoning module LightPropagationVolumeRuntime (238)
[2019.06.11-19.49.15:467][721]LogModuleManager: Shutting down and abandoning module AISupportModule (236)
[2019.06.11-19.49.15:467][721]LogModuleManager: Shutting down and abandoning module Paper2D (234)
[2019.06.11-19.49.15:467][721]LogModuleManager: Shutting down and abandoning module WindowsMoviePlayer (232)
[2019.06.11-19.49.15:468][721]LogModuleManager: Shutting down and abandoning module WebMMoviePlayer (230)
[2019.06.11-19.49.15:468][721]LogModuleManager: Shutting down and abandoning module PacketHandler (228)
[2019.06.11-19.49.15:468][721]LogModuleManager: Shutting down and abandoning module ClothingSystemEditor (226)
[2019.06.11-19.49.15:468][721]LogModuleManager: Shutting down and abandoning module ClothingSystemRuntime (224)
[2019.06.11-19.49.15:470][721]LogModuleManager: Shutting down and abandoning module MediaAssets (222)
[2019.06.11-19.49.15:470][721]LogModuleManager: Shutting down and abandoning module Overlay (220)
[2019.06.11-19.49.15:470][721]LogModuleManager: Shutting down and abandoning module OverlayEditor (219)
[2019.06.11-19.49.15:470][721]LogModuleManager: Shutting down and abandoning module VREditor (216)
[2019.06.11-19.49.15:471][721]LogModuleManager: Shutting down and abandoning module StringTableEditor (214)
[2019.06.11-19.49.15:471][721]LogModuleManager: Shutting down and abandoning module GameplayTasksEditor (212)
[2019.06.11-19.49.15:471][721]LogModuleManager: Shutting down and abandoning module BehaviorTreeEditor (210)
[2019.06.11-19.49.15:475][721]LogModuleManager: Shutting down and abandoning module FunctionalTesting (208)
[2019.06.11-19.49.15:476][721]LogModuleManager: Shutting down and abandoning module CollisionAnalyzer (206)
[2019.06.11-19.49.15:478][721]LogModuleManager: Shutting down and abandoning module WorkspaceMenuStructure (205)
[2019.06.11-19.49.15:479][721]LogModuleManager: Shutting down and abandoning module UMG (202)
[2019.06.11-19.49.15:479][721]LogModuleManager: Shutting down and abandoning module UMGEditor (201)
[2019.06.11-19.49.15:481][721]LogModuleManager: Shutting down and abandoning module Sequencer (200)
[2019.06.11-19.49.15:485][721]LogModuleManager: Shutting down and abandoning module MessageLog (197)
[2019.06.11-19.49.15:485][721]LogModuleManager: Shutting down and abandoning module SlateReflector (192)
[2019.06.11-19.49.15:489][721]LogModuleManager: Shutting down and abandoning module Slate (190)
[2019.06.11-19.49.15:489][721]LogModuleManager: Shutting down and abandoning module EditorStyle (188)
[2019.06.11-19.49.15:490][721]LogModuleManager: Shutting down and abandoning module UnrealEd (186)
[2019.06.11-19.49.15:491][721]LogModuleManager: Shutting down and abandoning module MRMesh (184)
[2019.06.11-19.49.15:491][721]LogModuleManager: Shutting down and abandoning module SourceCodeAccess (182)
[2019.06.11-19.49.15:491][721]LogModuleManager: Shutting down and abandoning module HeadMountedDisplay (180)
[2019.06.11-19.49.15:491][721]LogModuleManager: Shutting down and abandoning module XAudio2 (178)
[2019.06.11-19.49.15:491][721]LogModuleManager: Shutting down and abandoning module Networking (176)
[2019.06.11-19.49.15:491][721]LogModuleManager: Shutting down and abandoning module Core (174)
[2019.06.11-19.49.15:491][721]LogModuleManager: Shutting down and abandoning module KismetCompiler (172)
[2019.06.11-19.49.15:491][721]LogModuleManager: Shutting down and abandoning module MeshUtilities (170)
[2019.06.11-19.49.15:491][721]LogModuleManager: Shutting down and abandoning module MeshMergeUtilities (169)
[2019.06.11-19.49.15:491][721]LogModuleManager: Shutting down and abandoning module MeshReductionInterface (168)
[2019.06.11-19.49.15:491][721]LogModuleManager: Shutting down and abandoning module SkeletalMeshReduction (167)
[2019.06.11-19.49.15:492][721]LogModuleManager: Shutting down and abandoning module ProxyLODMeshReduction (165)
[2019.06.11-19.49.15:493][721]LogModuleManager: Shutting down and abandoning module QuadricMeshReduction (163)
[2019.06.11-19.49.15:494][721]LogModuleManager: Shutting down and abandoning module MaterialBaking (159)
[2019.06.11-19.49.15:494][721]LogModuleManager: Shutting down and abandoning module DerivedDataCache (154)
[2019.06.11-19.49.15:610][721]LogDerivedDataCache: Shutdown
[2019.06.11-19.49.15:610][721]LogModuleManager: Shutting down and abandoning module XGEController (152)
[2019.06.11-19.49.15:610][721]LogXGEController: Cleaning working directory: C:/Users/u1064504/AppData/Local/Temp/UnrealXGEWorkingDir/
[2019.06.11-19.49.15:610][721]LogModuleManager: Shutting down and abandoning module TargetPlatform (150)
[2019.06.11-19.49.15:611][721]LogModuleManager: Shutting down and abandoning module VulkanShaderFormat (149)
[2019.06.11-19.49.15:612][721]LogModuleManager: Shutting down and abandoning module ShaderFormatVectorVM (147)
[2019.06.11-19.49.15:612][721]LogModuleManager: Shutting down and abandoning module ShaderFormatOpenGL (145)
[2019.06.11-19.49.15:613][721]LogModuleManager: Shutting down and abandoning module ShaderFormatD3D (143)
[2019.06.11-19.49.15:614][721]LogModuleManager: Shutting down and abandoning module MetalShaderFormat (141)
[2019.06.11-19.49.15:614][721]LogModuleManager: Shutting down and abandoning module TextureFormatUncompressed (139)
[2019.06.11-19.49.15:614][721]LogModuleManager: Shutting down and abandoning module TextureFormatPVR (137)
[2019.06.11-19.49.15:614][721]LogModuleManager: Shutting down and abandoning module TextureFormatDXT (135)
[2019.06.11-19.49.15:615][721]LogModuleManager: Shutting down and abandoning module TextureFormatIntelISPCTexComp (133)
[2019.06.11-19.49.15:615][721]LogModuleManager: Shutting down and abandoning module TextureFormatASTC (131)
[2019.06.11-19.49.15:615][721]LogModuleManager: Shutting down and abandoning module ImageWrapper (130)
[2019.06.11-19.49.15:615][721]LogModuleManager: Shutting down and abandoning module TextureFormatAndroid (127)
[2019.06.11-19.49.15:615][721]LogModuleManager: Shutting down and abandoning module AudioFormatOpus (125)
[2019.06.11-19.49.15:616][721]LogModuleManager: Shutting down and abandoning module AudioFormatOgg (123)
[2019.06.11-19.49.15:616][721]LogModuleManager: Shutting down and abandoning module AudioFormatADPCM (121)
[2019.06.11-19.49.15:617][721]LogModuleManager: Shutting down and abandoning module LuminTargetPlatform (119)
[2019.06.11-19.49.15:617][721]LogModuleManager: Shutting down and abandoning module LinuxTargetPlatform (117)
[2019.06.11-19.49.15:617][721]LogModuleManager: Shutting down and abandoning module LinuxServerTargetPlatform (115)
[2019.06.11-19.49.15:618][721]LogModuleManager: Shutting down and abandoning module LinuxNoEditorTargetPlatform (113)
[2019.06.11-19.49.15:618][721]LogModuleManager: Shutting down and abandoning module LinuxClientTargetPlatform (111)
[2019.06.11-19.49.15:618][721]LogModuleManager: Shutting down and abandoning module TVOSTargetPlatform (109)
[2019.06.11-19.49.15:619][721]LogModuleManager: Shutting down and abandoning module Messaging (107)
[2019.06.11-19.49.15:619][721]LogModuleManager: Shutting down and abandoning module IOSTargetPlatform (105)
[2019.06.11-19.49.15:619][721]LogModuleManager: Shutting down and abandoning module HTML5TargetPlatform (103)
[2019.06.11-19.49.15:619][721]LogModuleManager: Shutting down and abandoning module AndroidTargetPlatform (101)
[2019.06.11-19.49.15:625][721]LogModuleManager: Shutting down and abandoning module WindowsTargetPlatform (99)
[2019.06.11-19.49.15:625][721]LogModuleManager: Shutting down and abandoning module WindowsServerTargetPlatform (97)
[2019.06.11-19.49.15:625][721]LogModuleManager: Shutting down and abandoning module WindowsNoEditorTargetPlatform (95)
[2019.06.11-19.49.15:625][721]LogModuleManager: Shutting down and abandoning module WindowsClientTargetPlatform (93)
[2019.06.11-19.49.15:625][721]LogModuleManager: Shutting down and abandoning module MacTargetPlatform (91)
[2019.06.11-19.49.15:625][721]LogModuleManager: Shutting down and abandoning module MacServerTargetPlatform (89)
[2019.06.11-19.49.15:625][721]LogModuleManager: Shutting down and abandoning module MacNoEditorTargetPlatform (87)
[2019.06.11-19.49.15:625][721]LogModuleManager: Shutting down and abandoning module MacClientTargetPlatform (85)
[2019.06.11-19.49.15:625][721]LogModuleManager: Shutting down and abandoning module AllDesktopTargetPlatform (83)
[2019.06.11-19.49.15:625][721]LogModuleManager: Shutting down and abandoning module InputCore (80)
[2019.06.11-19.49.15:625][721]LogModuleManager: Shutting down and abandoning module Settings (78)
[2019.06.11-19.49.15:625][721]LogModuleManager: Shutting down and abandoning module DirectoryWatcher (76)
[2019.06.11-19.49.15:625][721]LogModuleManager: Shutting down and abandoning module PhysXCooking (74)
[2019.06.11-19.49.15:625][721]LogModuleManager: Shutting down and abandoning module SteamVR (72)
[2019.06.11-19.49.15:626][721]LogHMD: Freeing OpenVRDLLHandle.
[2019.06.11-19.49.15:626][721]LogModuleManager: Shutting down and abandoning module OculusHMD (70)
[2019.06.11-19.49.15:627][721]LogModuleManager: Shutting down and abandoning module ExampleDeviceProfileSelector (68)
[2019.06.11-19.49.15:627][721]LogModuleManager: Shutting down and abandoning module LauncherChunkInstaller (66)
[2019.06.11-19.49.15:627][721]LogModuleManager: Shutting down and abandoning module OnlineBlueprintSupport (64)
[2019.06.11-19.49.15:627][721]LogModuleManager: Shutting down and abandoning module OnlineSubsystem (60)
[2019.06.11-19.49.15:630][721]LogModuleManager: Shutting down and abandoning module XMPP (55)
[2019.06.11-19.49.15:632][721]LogModuleManager: Shutting down and abandoning module WebSockets (54)
[2019.06.11-19.49.15:647][721]LogModuleManager: Shutting down and abandoning module HTTP (51)
[2019.06.11-19.49.15:647][721]LogHttp: Display: Http module shutting down, but needs to wait on 1 outstanding Http requests:
[2019.06.11-19.49.15:647][721]LogHttp: Display: 	verb=[POST] url=[https://datarouter.ol.epicgames.com/datarouter/api/v1/public/data?SessionID=%7BF43D2122-4DF1-82EB-A13E-3198AF504011%7D&AppID=UEEditor.Rocket.Release&AppVersion=4.22.1-6063286%2B%2B%2BUE4%2BRelease-4.22&UserID=189b27aa462bb1168fef69a285bd3bef%7Cc8291a13f00e4429bb3f03038f7ac5a7%7C96aa07b2-9b42-43d8-8bba-d257f465704a&AppEnvironment=datacollector-binary&UploadType=eteventstream] status=Processing
[2019.06.11-19.49.15:658][721]LogModuleManager: Shutting down and abandoning module SSL (50)
[2019.06.11-19.49.15:659][721]LogModuleManager: Shutting down and abandoning module WmfMedia (46)
[2019.06.11-19.49.15:660][721]LogModuleManager: Shutting down and abandoning module Media (45)
[2019.06.11-19.49.15:666][721]LogModuleManager: Shutting down and abandoning module MagicLeap (42)
[2019.06.11-19.49.15:667][721]LogModuleManager: Shutting down and abandoning module DatasmithContent (40)
[2019.06.11-19.49.15:667][721]LogModuleManager: Shutting down and abandoning module AnimationModifiers (38)
[2019.06.11-19.49.15:668][721]LogModuleManager: Shutting down and abandoning module PropertyEditor (37)
[2019.06.11-19.49.15:670][721]LogModuleManager: Shutting down and abandoning module AudioEditor (34)
[2019.06.11-19.49.15:672][721]LogModuleManager: Shutting down and abandoning module TextureCompressor (32)
[2019.06.11-19.49.15:673][721]LogModuleManager: Shutting down and abandoning module RenderCore (30)
[2019.06.11-19.49.15:673][721]LogModuleManager: Shutting down and abandoning module Landscape (28)
[2019.06.11-19.49.15:673][721]LogModuleManager: Shutting down and abandoning module SlateRHIRenderer (26)
[2019.06.11-19.49.15:675][721]LogModuleManager: Shutting down and abandoning module OpenGLDrv (24)
[2019.06.11-19.49.15:676][721]LogModuleManager: Shutting down and abandoning module D3D11RHI (22)
[2019.06.11-19.49.15:676][721]LogModuleManager: Shutting down and abandoning module AnimGraphRuntime (20)
[2019.06.11-19.49.15:677][721]LogModuleManager: Shutting down and abandoning module Renderer (18)
[2019.06.11-19.49.15:677][721]LogModuleManager: Shutting down and abandoning module Engine (16)
[2019.06.11-19.49.15:677][721]LogModuleManager: Shutting down and abandoning module CoreUObject (14)
[2019.06.11-19.49.15:677][721]LogModuleManager: Shutting down and abandoning module NetworkFile (12)
[2019.06.11-19.49.15:677][721]LogModuleManager: Shutting down and abandoning module CookedIterativeFile (10)
[2019.06.11-19.49.15:677][721]LogModuleManager: Shutting down and abandoning module StreamingFile (8)
[2019.06.11-19.49.15:677][721]LogModuleManager: Shutting down and abandoning module SandboxFile (6)
[2019.06.11-19.49.15:677][721]LogModuleManager: Shutting down and abandoning module PakFile (4)
[2019.06.11-19.49.15:677][721]LogModuleManager: Shutting down and abandoning module RSA (3)
[2019.06.11-19.49.15:685][721]LogExit: Exiting.
[2019.06.11-19.49.15:703][721]Log file closed, 06/11/19 13:49:15
